Log file open, 09/05/18 23:53:08
LogWindows: Failed to load 'aqProf.dll' (GetLastError=126)
LogWindows: File 'aqProf.dll' does not exist
LogWindows: Failed to load 'VSPerf140.dll' (GetLastError=126)
LogWindows: File 'VSPerf140.dll' does not exist
LogWindows: Failed to load 'VtuneApi.dll' (GetLastError=126)
LogWindows: File 'VtuneApi.dll' does not exist
LogWindows: Failed to load 'VtuneApi32e.dll' (GetLastError=126)
LogWindows: File 'VtuneApi32e.dll' does not exist
LogInit: Display: Running engine for game: SlapIt
LogPlatformFile: Not using cached read wrapper
LogTaskGraph: Started task graph with 5 named threads and 23 total threads with 3 sets of task threads.
LogStats: Stats thread started at 0.265247
LogD3D11RHI: Loaded GFSDK_Aftermath_Lib.x64.dll
LogICUInternationalization: Display: ICU TimeZone Detection - Raw Offset: +1:00, Platform Override: ''
LogPluginManager: Mounting plugin Paper2D
LogPluginManager: Mounting plugin AISupport
LogPluginManager: Mounting plugin LightPropagationVolume
LogPluginManager: Mounting plugin CLionSourceCodeAccess
LogPluginManager: Mounting plugin CodeLiteSourceCodeAccess
LogPluginManager: Mounting plugin GitSourceControl
LogPluginManager: Mounting plugin KDevelopSourceCodeAccess
LogPluginManager: Mounting plugin NullSourceCodeAccess
LogPluginManager: Mounting plugin PerforceSourceControl
LogPluginManager: Mounting plugin SubversionSourceControl
LogPluginManager: Mounting plugin UObjectPlugin
LogPluginManager: Mounting plugin VisualStudioCodeSourceCodeAccess
LogPluginManager: Mounting plugin VisualStudioSourceCodeAccess
LogPluginManager: Mounting plugin XCodeSourceCodeAccess
LogPluginManager: Mounting plugin AssetManagerEditor
LogPluginManager: Mounting plugin CryptoKeys
LogPluginManager: Mounting plugin DataValidation
LogPluginManager: Mounting plugin FacialAnimation
LogPluginManager: Mounting plugin GameplayTagsEditor
LogPluginManager: Mounting plugin MacGraphicsSwitching
LogPluginManager: Mounting plugin MeshEditor
LogPluginManager: Mounting plugin MobileLauncherProfileWizard
LogPluginManager: Mounting plugin PluginBrowser
LogPluginManager: Mounting plugin SpeedTreeImporter
LogPluginManager: Mounting plugin DatasmithContent
LogPluginManager: Mounting plugin AlembicImporter
LogPluginManager: Mounting plugin AppleImageUtils
LogPluginManager: Mounting plugin AppleVision
LogPluginManager: Mounting plugin BackChannel
LogPluginManager: Mounting plugin CharacterAI
LogPluginManager: Mounting plugin GeometryCache
LogPluginManager: Mounting plugin HTML5Networking
LogPluginManager: Mounting plugin ProxyLODPlugin
LogPluginManager: Mounting plugin MagicLeap
LogPluginManager: Mounting plugin MagicLeapEmulator
LogPluginManager: Mounting plugin MagicLeapMedia
LogPluginManager: Mounting plugin AndroidMedia
LogPluginManager: Mounting plugin AvfMedia
LogPluginManager: Mounting plugin ImgMedia
LogPluginManager: Mounting plugin LinearTimecode
LogPluginManager: Mounting plugin MediaCompositing
LogPluginManager: Mounting plugin MediaPlayerEditor
LogPluginManager: Mounting plugin WmfMedia
LogPluginManager: Mounting plugin TcpMessaging
LogPluginManager: Mounting plugin UdpMessaging
LogPluginManager: Mounting plugin ActorSequence
LogPluginManager: Mounting plugin LevelSequenceEditor
LogPluginManager: Mounting plugin MatineeToLevelSequence
LogPluginManager: Mounting plugin NetcodeUnitTest
LogPluginManager: Mounting plugin NUTUnrealEngine4
LogPluginManager: Mounting plugin OnlineSubsystemGooglePlay
LogPluginManager: Mounting plugin OnlineSubsystemIOS
LogPluginManager: Mounting plugin OnlineSubsystem
LogPluginManager: Mounting plugin OnlineSubsystemNull
LogPluginManager: Mounting plugin OnlineSubsystemUtils
LogPluginManager: Mounting plugin LauncherChunkInstaller
LogPluginManager: Mounting plugin AndroidDeviceProfileSelector
LogPluginManager: Mounting plugin AndroidMoviePlayer
LogPluginManager: Mounting plugin AndroidPermission
LogPluginManager: Mounting plugin AppleMoviePlayer
LogPluginManager: Mounting plugin ArchVisCharacter
LogPluginManager: Mounting plugin AudioCapture
LogPluginManager: Mounting plugin CableComponent
LogPluginManager: Mounting plugin CustomMeshComponent
LogPluginManager: Mounting plugin EditableMesh
LogPluginManager: Mounting plugin ExampleDeviceProfileSelector
LogPluginManager: Mounting plugin GoogleCloudMessaging
LogPluginManager: Mounting plugin ImmediatePhysics
LogPluginManager: Mounting plugin IOSDeviceProfileSelector
LogPluginManager: Mounting plugin LinuxDeviceProfileSelector
LogPluginManager: Mounting plugin LocationServicesBPLibrary
LogPluginManager: Mounting plugin MobilePatchingUtils
LogPluginManager: Mounting plugin OculusVR
LogPluginManager: Plugin shader directory ../../../Engine/Plugins/Runtime/Oculus/OculusVR/Shaders found
LogPluginManager: Mapping shader source directory ../../../Engine/Plugins/Runtime/Oculus/OculusVR/Shaders to virtual directory /Plugin/OculusVR
LogPluginManager: Mounting plugin PhysXVehicles
LogPluginManager: Mounting plugin ProceduralMeshComponent
LogPluginManager: Mounting plugin RuntimePhysXCooking
LogPluginManager: Mounting plugin SteamVR
LogPluginManager: Mounting plugin WindowsMoviePlayer
LogStreaming: Display: Took  0.212s to configure plugins.
LogInit: Using libcurl 7.55.1-DEV
LogInit:  - built for x86_64-pc-win32
LogInit:  - supports SSL with OpenSSL/1.0.2h
LogInit:  - supports HTTP deflate (compression) using libz 1.2.8
LogInit:  - other features:
LogInit:      CURL_VERSION_SSL
LogInit:      CURL_VERSION_LIBZ
LogInit:      CURL_VERSION_IPV6
LogInit:      CURL_VERSION_ASYNCHDNS
LogInit:      CURL_VERSION_LARGEFILE
LogInit:      CURL_VERSION_IDN
LogInit:  CurlRequestOptions (configurable via config and command line):
LogInit:  - bVerifyPeer = false  - Libcurl will NOT verify peer certificate
LogInit:  - bUseHttpProxy = false  - Libcurl will NOT use HTTP proxy
LogInit:  - bDontReuseConnections = false  - Libcurl will reuse connections
LogInit:  - CertBundlePath = nullptr  - Libcurl will use whatever was configured at build time.
LogInit:  - MaxHostConnections = 16  - Libcurl will limit the number of connections to a host
LogInit:  - LocalHostAddr = Default
LogInit:  - BufferSize = 65536
LogInit: WinSock: version 1.1 (2.2), MaxSocks=32767, MaxUdp=65467
LogInit: Build: ++UE4+Release-4.20-CL-4302132
LogInit: Engine Version: 4.20.2-4302132+++UE4+Release-4.20
LogInit: Compatible Engine Version: 4.20.0-4212847+++UE4+Release-4.20
LogInit: Net CL: 4212847
LogInit: OS: Windows 10 (), CPU: Intel(R) Core(TM) i7-6700K CPU @ 4.00GHz, GPU: NVIDIA GeForce GTX 1070
LogInit: Compiled (64-bit): Aug 21 2018 02:06:06
LogInit: Compiled with Visual C++: 19.13.26129.00
LogInit: Build Configuration: Development
LogInit: Branch Name: ++UE4+Release-4.20
LogInit: Command Line: -EpicPortal 
LogInit: Base Directory: C:/Program Files/Epic Games/UE_4.20/Engine/Binaries/Win64/
LogInit: Installed Engine Build: 1
LogDevObjectVersion: Number of dev versions registered: 20
LogDevObjectVersion:   Dev-Blueprints (B0D832E4-1F89-4F0D-ACCF-7EB736FD4AA2): 10
LogDevObjectVersion:   Dev-Build (E1C64328-A22C-4D53-A36C-8E866417BD8C): 0
LogDevObjectVersion:   Dev-Core (375EC13C-06E4-48FB-B500-84F0262A717E): 2
LogDevObjectVersion:   Dev-Editor (E4B068ED-F494-42E9-A231-DA0B2E46BB41): 24
LogDevObjectVersion:   Dev-Framework (CFFC743F-43B0-4480-9391-14DF171D2073): 34
LogDevObjectVersion:   Dev-Mobile (B02B49B5-BB20-44E9-A304-32B752E40360): 2
LogDevObjectVersion:   Dev-Networking (A4E4105C-59A1-49B5-A7C5-40C4547EDFEE): 0
LogDevObjectVersion:   Dev-Online (39C831C9-5AE6-47DC-9A44-9C173E1C8E7C): 0
LogDevObjectVersion:   Dev-Physics (78F01B33-EBEA-4F98-B9B4-84EACCB95AA2): 0
LogDevObjectVersion:   Dev-Platform (6631380F-2D4D-43E0-8009-CF276956A95A): 0
LogDevObjectVersion:   Dev-Rendering (12F88B9F-8875-4AFC-A67C-D90C383ABD29): 26
LogDevObjectVersion:   Dev-Sequencer (7B5AE74C-D270-4C10-A958-57980B212A5A): 9
LogDevObjectVersion:   Dev-VR (D7296918-1DD6-4BDD-9DE2-64A83CC13884): 2
LogDevObjectVersion:   Dev-LoadTimes (C2A15278-BFE7-4AFE-6C17-90FF531DF755): 1
LogDevObjectVersion:   Private-Geometry (6EACA3D4-40EC-4CC1-B786-8BED09428FC5): 3
LogDevObjectVersion:   Dev-AnimPhys (29E575DD-E0A3-4627-9D10-D276232CDCEA): 17
LogDevObjectVersion:   Dev-ReflectionCapture (6B266CEC-1EC7-4B8F-A30B-E4D90942FC07): 1
LogDevObjectVersion:   Dev-Automation (0DF73D61-A23F-47EA-B727-89E90C41499A): 1
LogDevObjectVersion:   FortniteMain (601D1886-AC64-4F84-AA16-D3DE0DEAC7D6): 12
LogDevObjectVersion:   Dev-Enterprise (9DFFBCD6-494F-0158-E221-12823C92A888): 1
LogStreaming: Display: Took  0.000s to delete old logs.
LogInit: Presizing for max 8388607 objects, including 0 objects not considered by GC, pre-allocating 0 bytes for permanent pool.
LogInit: Object subsystem initialized
[2018.09.05-21.53.09:359][  0]LogInit: Selected Device Profile: [Windows]
[2018.09.05-21.53.09:359][  0]LogInit: Applying CVar settings loaded from the selected device profile: [Windows]
[2018.09.05-21.53.09:372][  0]LogHAL: Display: Platform has ~ 16 GB [17122738176 / 17179869184 / 16], which maps to Larger [LargestMinGB=32, LargerMinGB=12, DefaultMinGB=8, SmallerMinGB=6, SmallestMinGB=0)
[2018.09.05-21.53.09:372][  0]LogInit: Setting Device Profile CVar: [[r.Vulkan.UseRealUBs:1]]
[2018.09.05-21.53.09:372][  0]LogInit: Going up to parent DeviceProfile []
[2018.09.05-21.53.09:372][  0]LogInit: Computer: DESKTOP-E9CDL5U
[2018.09.05-21.53.09:372][  0]LogInit: User: Heinz
[2018.09.05-21.53.09:372][  0]LogInit: CPU Page size=4096, Cores=4
[2018.09.05-21.53.09:372][  0]LogInit: High frequency timer resolution =3.914063 MHz
[2018.09.05-21.53.09:373][  0]LogMemory: Memory total: Physical=15.9GB (16GB approx)
[2018.09.05-21.53.09:373][  0]LogMemory: Platform Memory Stats for Windows
[2018.09.05-21.53.09:373][  0]LogMemory: Process Physical Memory: 99.75 MB used, 99.75 MB peak
[2018.09.05-21.53.09:373][  0]LogMemory: Process Virtual Memory: 91.03 MB used, 91.03 MB peak
[2018.09.05-21.53.09:373][  0]LogMemory: Physical Memory: 6446.42 MB used,  9883.10 MB free, 16329.52 MB total
[2018.09.05-21.53.09:373][  0]LogMemory: Virtual Memory: 4640.08 MB used,  9883.10 MB free, 134217728.00 MB total
[2018.09.05-21.53.09:388][  0]LogInit: Using OS detected language (de-DE).
[2018.09.05-21.53.09:388][  0]LogInit: Using OS detected locale (de-DE).
[2018.09.05-21.53.09:389][  0]LogTextLocalizationManager: No specific localization for 'de-DE' exists, so the 'de' localization will be used.
[2018.09.05-21.53.09:390][  0]LogStreaming: Display: Took  0.002s to InitEngineTextLocalization.
[2018.09.05-21.53.09:390][  0]LogInit: Setting process to per monitor DPI aware
[2018.09.05-21.53.09:431][  0]LogSlate: New Slate User Created.  User Index 0, Is Virtual User: 0
[2018.09.05-21.53.09:431][  0]LogSlate: Slate User Registered.  User Index 0, Is Virtual User: 0
[2018.09.05-21.53.09:588][  0]LogHMD: Failed to initialize OpenVR with code 110
[2018.09.05-21.53.09:588][  0]LogD3D11RHI: D3D11 adapters:
[2018.09.05-21.53.09:643][  0]LogD3D11RHI:    0. 'NVIDIA GeForce GTX 1070' (Feature Level 11_0)
[2018.09.05-21.53.09:643][  0]LogD3D11RHI:       8088/0/8164 MB DedicatedVideo/DedicatedSystem/SharedSystem, Outputs:2, VendorId:0x10de
[2018.09.05-21.53.09:645][  0]LogD3D11RHI:    1. 'Microsoft Basic Render Driver' (Feature Level 11_0)
[2018.09.05-21.53.09:645][  0]LogD3D11RHI:       0/0/8164 MB DedicatedVideo/DedicatedSystem/SharedSystem, Outputs:0, VendorId:0x1414
[2018.09.05-21.53.09:645][  0]LogD3D11RHI: Chosen D3D11 Adapter: 0
[2018.09.05-21.53.09:651][  0]LogD3D11RHI: Creating new Direct3DDevice
[2018.09.05-21.53.09:651][  0]LogD3D11RHI:     GPU DeviceId: 0x1b81 (for the marketing name, search the web for "GPU Device Id")
[2018.09.05-21.53.09:651][  0]LogWindows: EnumDisplayDevices:
[2018.09.05-21.53.09:651][  0]LogWindows:    0. 'NVIDIA GeForce GTX 1070' (P:1 D:1)
[2018.09.05-21.53.09:651][  0]LogWindows:    1. 'NVIDIA GeForce GTX 1070' (P:0 D:1)
[2018.09.05-21.53.09:651][  0]LogWindows:    2. 'NVIDIA GeForce GTX 1070' (P:0 D:0)
[2018.09.05-21.53.09:651][  0]LogWindows:    3. 'NVIDIA GeForce GTX 1070' (P:0 D:0)
[2018.09.05-21.53.09:651][  0]LogWindows: DebugString: FoundDriverCount:4 
[2018.09.05-21.53.09:651][  0]LogD3D11RHI:     Adapter Name: NVIDIA GeForce GTX 1070
[2018.09.05-21.53.09:651][  0]LogD3D11RHI:   Driver Version: 399.07 (internal:24.21.13.9907, unified:399.07)
[2018.09.05-21.53.09:651][  0]LogD3D11RHI:      Driver Date: 8-21-2018
[2018.09.05-21.53.09:651][  0]LogRHI: Texture pool is 5661 MB (70% of 8088 MB)
[2018.09.05-21.53.09:679][  0]LogD3D11RHI: Async texture creation enabled
[2018.09.05-21.53.09:741][  0]LogD3D11RHI: GPU Timing Frequency: 1000.000000 (Debug: 2 2)
[2018.09.05-21.53.09:839][  0]LogShaderCompilers: Guid format shader working directory is 24 characters bigger than the processId version (E:/UE4_Projects/SlapIt/Intermediate/Shaders/WorkingDirectory/5328/).
[2018.09.05-21.53.09:840][  0]LogShaderCompilers: Cleaned the shader compiler working directory 'C:/Users/Heinz/AppData/Local/Temp/UnrealShaderWorkingDir/1B4007604E301434FE3ECC8FC61B940B/'.
[2018.09.05-21.53.10:090][  0]LogTemp: Display: Loaded TP AllDesktopTargetPlatform
[2018.09.05-21.53.10:104][  0]LogTemp: Display: Loaded TP MacClientTargetPlatform
[2018.09.05-21.53.10:120][  0]LogTemp: Display: Loaded TP MacNoEditorTargetPlatform
[2018.09.05-21.53.10:136][  0]LogTemp: Display: Loaded TP MacServerTargetPlatform
[2018.09.05-21.53.10:148][  0]LogTemp: Display: Loaded TP MacTargetPlatform
[2018.09.05-21.53.10:159][  0]LogTemp: Display: Loaded TP WindowsClientTargetPlatform
[2018.09.05-21.53.10:171][  0]LogTemp: Display: Loaded TP WindowsNoEditorTargetPlatform
[2018.09.05-21.53.10:182][  0]LogTemp: Display: Loaded TP WindowsServerTargetPlatform
[2018.09.05-21.53.10:187][  0]LogTemp: Display: Loaded TP WindowsTargetPlatform
[2018.09.05-21.53.10:247][  0]LogTemp: Display: Loaded TP AndroidTargetPlatform
[2018.09.05-21.53.10:247][  0]LogTemp: Display: Loaded TP AndroidTargetPlatform
[2018.09.05-21.53.10:247][  0]LogTemp: Display: Loaded TP AndroidTargetPlatform
[2018.09.05-21.53.10:247][  0]LogTemp: Display: Loaded TP AndroidTargetPlatform
[2018.09.05-21.53.10:247][  0]LogTemp: Display: Loaded TP AndroidTargetPlatform
[2018.09.05-21.53.10:247][  0]LogTemp: Display: Loaded TP AndroidTargetPlatform
[2018.09.05-21.53.10:247][  0]LogTemp: Display: Loaded TP AndroidTargetPlatform
[2018.09.05-21.53.10:247][  0]LogTemp: Display: Loaded TP AndroidTargetPlatform
[2018.09.05-21.53.10:247][  0]LogTemp: Display: Loaded TP AndroidTargetPlatform
[2018.09.05-21.53.10:247][  0]LogTemp: Display: Loaded TP AndroidTargetPlatform
[2018.09.05-21.53.10:247][  0]LogTemp: Display: Loaded TP AndroidTargetPlatform
[2018.09.05-21.53.10:247][  0]LogTemp: Display: Loaded TP AndroidTargetPlatform
[2018.09.05-21.53.10:247][  0]LogTemp: Display: Loaded TP AndroidTargetPlatform
[2018.09.05-21.53.10:247][  0]LogTemp: Display: Loaded TP AndroidTargetPlatform
[2018.09.05-21.53.10:247][  0]LogTemp: Display: Loaded TP AndroidTargetPlatform
[2018.09.05-21.53.10:247][  0]LogTemp: Display: Loaded TP AndroidTargetPlatform
[2018.09.05-21.53.10:247][  0]LogTemp: Display: Loaded TP AndroidTargetPlatform
[2018.09.05-21.53.10:247][  0]LogTemp: Display: Loaded TP AndroidTargetPlatform
[2018.09.05-21.53.10:248][  0]LogTemp: Display: Loaded TP HTML5TargetPlatform
[2018.09.05-21.53.10:302][  0]LogTemp: Display: Loaded TP IOSTargetPlatform
[2018.09.05-21.53.10:302][  0]LogTemp: Display: Loaded TP IOSTargetPlatform
[2018.09.05-21.53.10:320][  0]LogTemp: Display: Loaded TP TVOSTargetPlatform
[2018.09.05-21.53.10:320][  0]LogTemp: Display: Loaded TP TVOSTargetPlatform
[2018.09.05-21.53.10:329][  0]LogTemp: Display: Loaded TP LinuxClientTargetPlatform
[2018.09.05-21.53.10:339][  0]LogTemp: Display: Loaded TP LinuxNoEditorTargetPlatform
[2018.09.05-21.53.10:348][  0]LogTemp: Display: Loaded TP LinuxServerTargetPlatform
[2018.09.05-21.53.10:358][  0]LogTemp: Display: Loaded TP LinuxTargetPlatform
[2018.09.05-21.53.10:364][  0]LogTemp: Display: Loaded TP LuminTargetPlatform
[2018.09.05-21.53.10:364][  0]LogTargetPlatformManager: Display: Building Assets For Windows
[2018.09.05-21.53.10:409][  0]LogXGEController: Cannot use XGE Controller as Incredibuild is not installed on this machine.
[2018.09.05-21.53.10:409][  0]LogShaderCompilers: Cannot use XGE Shader Compiler as Incredibuild is not installed on this machine.
[2018.09.05-21.53.10:409][  0]LogShaderCompilers: Display: Using Local Shader Compiler.
[2018.09.05-21.53.10:987][  0]LogDerivedDataCache: Display: Max Cache Size: 512 MB
[2018.09.05-21.53.11:031][  0]LogDerivedDataCache: Loaded boot cache 0.04s 87MB C:/Users/Heinz/AppData/Local/UnrealEngine/4.20/DerivedDataCache/Boot.ddc.
[2018.09.05-21.53.11:031][  0]LogDerivedDataCache: Display: Loaded Boot cache: C:/Users/Heinz/AppData/Local/UnrealEngine/4.20/DerivedDataCache/Boot.ddc
[2018.09.05-21.53.11:031][  0]LogDerivedDataCache: FDerivedDataBackendGraph:  Pak pak cache file E:/UE4_Projects/SlapIt/DerivedDataCache/DDC.ddp not found, will not use a pak cache.
[2018.09.05-21.53.11:031][  0]LogDerivedDataCache: Unable to find inner node Pak for hierarchical cache Hierarchy.
[2018.09.05-21.53.11:031][  0]LogDerivedDataCache: FDerivedDataBackendGraph:  CompressedPak pak cache file E:/UE4_Projects/SlapIt/DerivedDataCache/Compressed.ddp not found, will not use a pak cache.
[2018.09.05-21.53.11:031][  0]LogDerivedDataCache: Unable to find inner node CompressedPak for hierarchical cache Hierarchy.
[2018.09.05-21.53.11:041][  0]LogDerivedDataCache: Display: Pak cache opened for reading ../../../Engine/DerivedDataCache/Compressed.ddp.
[2018.09.05-21.53.11:054][  0]LogDerivedDataCache: Using Local data cache path C:/Users/Heinz/AppData/Local/UnrealEngine/Common/DerivedDataCache: Writable
[2018.09.05-21.53.11:054][  0]LogDerivedDataCache: Shared data cache path not found in *engine.ini, will not use an Shared cache.
[2018.09.05-21.53.11:054][  0]LogDerivedDataCache: Unable to find inner node Shared for hierarchical cache Hierarchy.
[2018.09.05-21.53.11:067][  0]LogMaterial: Verifying Global Shaders for PCD3D_SM5
[2018.09.05-21.53.11:069][  0]LogSlate: Using FreeType 2.6.0
[2018.09.05-21.53.11:069][  0]LogSlate: SlateFontServices - WITH_FREETYPE: 1, WITH_HARFBUZZ: 1
[2018.09.05-21.53.11:129][  0]LogAssetRegistry: FAssetRegistry took 0.0246 seconds to start up
[2018.09.05-21.53.11:359][  0]LogInit: Selected Device Profile: [Windows]
[2018.09.05-21.53.11:460][  0]LogSimplygon: Simplygon DLL not present - disabling.
[2018.09.05-21.53.11:463][  0]LogMeshReduction: Using SimplygonSwarm for distributed automatic mesh merging
[2018.09.05-21.53.11:463][  0]LogMeshReduction: Using ProxyLODMeshReduction for automatic mesh merging
[2018.09.05-21.53.11:463][  0]LogMeshReduction: Using QuadricMeshReduction for automatic static mesh reduction
[2018.09.05-21.53.11:463][  0]LogMeshReduction: No automatic skeletal mesh reduction module available
[2018.09.05-21.53.11:492][  0]LogNetVersion: SlapIt 1.0.0, NetCL: 4212847, EngineNetVer: 5, GameNetVer: 0 (Checksum: 3842577795)
[2018.09.05-21.53.11:545][  0]LogNavigation: Error: [/Script/Engine.RecastNavMesh] found in the DefaultEngine.ini file. This class has been moved. Please rename that section to [/Script/NavigationSystem.RecastNavMesh]
[2018.09.05-21.53.11:897][  0]LogPackageLocalizationCache: Processed 11 localized package path(s) for 2 prioritized culture(s) in 0.078205 seconds
[2018.09.05-21.53.11:903][  0]LogUObjectArray: 38425 objects as part of root set at end of initial load.
[2018.09.05-21.53.11:903][  0]LogUObjectAllocator: 6690872 out of 0 bytes used by permanent object pool.
[2018.09.05-21.53.11:903][  0]LogUObjectArray: CloseDisregardForGC: 0/0 objects in disregard for GC pool
[2018.09.05-21.53.12:596][  0]LogTcpMessaging: Initializing TcpMessaging bridge
[2018.09.05-21.53.12:608][  0]LogUdpMessaging: Initializing bridge on interface 0.0.0.0:0 to multicast group 230.0.0.1:6666.
[2018.09.05-21.53.12:786][  0]SourceControl: Source control is disabled
[2018.09.05-21.53.12:786][  0]SourceControl: Source control is disabled
[2018.09.05-21.53.12:788][  0]SourceControl: Source control is disabled
[2018.09.05-21.53.12:789][  0]SourceControl: Source control is disabled
[2018.09.05-21.53.12:977][  0]LogAndroidPermission: UAndroidPermissionCallbackProxy::GetInstance
[2018.09.05-21.53.13:060][  0]LogOcInput: OculusInput pre-init called
[2018.09.05-21.53.13:108][  0]LogEngine: Initializing Engine...
[2018.09.05-21.53.13:108][  0]LogHMD: Failed to initialize OpenVR with code 110
[2018.09.05-21.53.13:109][  0]LogStats: UGameplayTagsManager::ConstructGameplayTagTree: ImportINI prefixes -  0.000 s
[2018.09.05-21.53.13:109][  0]LogStats: UGameplayTagsManager::ConstructGameplayTagTree: Construct from data asset -  0.000 s
[2018.09.05-21.53.13:109][  0]LogStats: UGameplayTagsManager::ConstructGameplayTagTree: ImportINI -  0.000 s
[2018.09.05-21.53.13:109][  0]LogStats: UGameplayTagsManager::ConstructGameplayTagTree: GameplayTagTreeChangedEvent.Broadcast -  0.000 s
[2018.09.05-21.53.13:264][  0]LogInit: Initializing FReadOnlyCVARCache
[2018.09.05-21.53.13:274][  0]LogAIModule: Creating AISystem for world Untitled
[2018.09.05-21.53.13:329][  0]LogInit: XAudio2 using 'Lautsprecher (2- Logitech G533 Gaming Headset)' : 6 channels at 48 kHz using 16 bits per sample (channel mask 0x3f)
[2018.09.05-21.53.13:347][  0]LogInit: FAudioDevice initialized.
[2018.09.05-21.53.13:347][  0]LogNetVersion: Set ProjectVersion to 1.0.0.0. Version Checksum will be recalculated on next use.
[2018.09.05-21.53.13:435][  0]LogDerivedDataCache: Saved boot cache 0.09s 71MB C:/Users/Heinz/AppData/Local/UnrealEngine/4.20/DerivedDataCache/Boot.ddc.
[2018.09.05-21.53.13:445][  0]LogInit: Texture streaming: Enabled
[2018.09.05-21.53.13:478][  0]LogEngineSessionManager: EngineSessionManager initialized
[2018.09.05-21.53.13:491][  0]LogInit: Transaction tracking system initialized
[2018.09.05-21.53.13:509][  0]BlueprintLog: New page: Editor Load
[2018.09.05-21.53.13:566][  0]LocalizationService: Localization service is disabled
[2018.09.05-21.53.13:823][  0]LogCook: Display: Max memory allowance for cook 16384mb min free memory 0mb
[2018.09.05-21.53.13:823][  0]LogCook: Display: Mobile HDR setting 1
[2018.09.05-21.53.13:823][  0]LogGameplayTags: Display: UGameplayTagsManager::DoneAddingNativeTags. DelegateIsBound: 0
[2018.09.05-21.53.13:823][  0]LogStats: UGameplayTagsManager::ConstructGameplayTagTree: ImportINI prefixes -  0.000 s
[2018.09.05-21.53.13:823][  0]LogStats: UGameplayTagsManager::ConstructGameplayTagTree: Construct from data asset -  0.000 s
[2018.09.05-21.53.13:823][  0]LogStats: UGameplayTagsManager::ConstructGameplayTagTree: ImportINI -  0.000 s
[2018.09.05-21.53.13:823][  0]LogStats: UGameplayTagsManager::ConstructGameplayTagTree: GameplayTagTreeChangedEvent.Broadcast -  0.000 s
[2018.09.05-21.53.13:913][  0]LogFileCache: Scanning file cache for directory 'E:/UE4_Projects/SlapIt/Content/' took 0.02s
[2018.09.05-21.53.13:913][  0]SourceControl: Source control is disabled
[2018.09.05-21.53.13:914][  0]Cmd: MAP LOAD FILE="E:/UE4_Projects/SlapIt/Content/AdvancedLocomotionV3/Maps/ALSV3_DemoLevel_SP.umap" TEMPLATE=0 SHOWPROGRESS=1 FEATURELEVEL=3
[2018.09.05-21.53.13:934][  0]LightingResults: New page: Lighting Build
[2018.09.05-21.53.13:936][  0]MapCheck: New page: Map Check
[2018.09.05-21.53.13:936][  0]LightingResults: New page: Lighting Build
[2018.09.05-21.53.18:161][  0]LogAIModule: Creating AISystem for world ALSV3_DemoLevel_SP
[2018.09.05-21.53.18:304][  0]LogEditorServer: Finished looking for orphan Actors (0.000 secs)
[2018.09.05-21.53.18:365][  0]Cmd: MAP CHECKDEP NOCLEARLOG
[2018.09.05-21.53.18:429][  0]MapCheck: Map check complete: 0 Error(s), 0 Warning(s), took 63,414ms to complete.
[2018.09.05-21.53.18:429][  0]LogFileHelpers: Loading map 'ALSV3_DemoLevel_SP' took 4.515
[2018.09.05-21.53.18:646][  0]LogSlate: Updating window title bar state: overlay mode, drag disabled, window buttons hidden, title bar hidden
[2018.09.05-21.53.18:654][  0]LogSlate: Updating window title bar state: overlay mode, drag disabled, window buttons hidden, title bar hidden
[2018.09.05-21.53.18:661][  0]LogSlate: Updating window title bar state: overlay mode, drag disabled, window buttons hidden, title bar hidden
[2018.09.05-21.53.18:666][  0]LogSlate: Updating window title bar state: overlay mode, drag disabled, window buttons hidden, title bar hidden
[2018.09.05-21.53.18:678][  0]LogCollectionManager: Loaded 0 collections in 0.001481 seconds
[2018.09.05-21.53.18:758][  0]LogFileCache: Scanning file cache for directory 'E:/UE4_Projects/SlapIt/Saved/Collections/' took 0.01s
[2018.09.05-21.53.18:758][  0]LogFileCache: Scanning file cache for directory 'E:/UE4_Projects/SlapIt/Content/Developers/Heinz/Collections/' took 0.01s
[2018.09.05-21.53.18:758][  0]LogFileCache: Scanning file cache for directory 'E:/UE4_Projects/SlapIt/Content/Collections/' took 0.01s
[2018.09.05-21.53.18:758][  0]LogCollectionManager: Rebuilt the GUID cache for 0 collections in 0.000000 seconds
[2018.09.05-21.53.18:770][  0]LogContentBrowser: Native class hierarchy populated in 0.0099 seconds. Added 2572 classes and 603 folders.
[2018.09.05-21.53.18:791][  0]LogContentBrowser: Native class hierarchy updated for 'WidgetCarousel' in 0.0003 seconds. Added 0 classes and 0 folders.
[2018.09.05-21.53.18:951][  0]LogContentBrowser: Native class hierarchy updated for 'AddContentDialog' in 0.0002 seconds. Added 0 classes and 0 folders.
[2018.09.05-21.53.18:976][  0]LogContentBrowser: Native class hierarchy updated for 'SceneOutliner' in 0.0002 seconds. Added 1 classes and 2 folders.
[2018.09.05-21.53.19:032][  0]LogSlate: Took 0.000303 seconds to synchronously load lazily loaded font '../../../Engine/Content/Slate/Fonts/Roboto-Regular.ttf' (155K)
[2018.09.05-21.53.19:036][  0]LogSlate: Took 0.000361 seconds to synchronously load lazily loaded font '../../../Engine/Content/Slate/Fonts/Roboto-Bold.ttf' (160K)
[2018.09.05-21.53.19:054][  0]LogSlate: Took 0.005429 seconds to synchronously load lazily loaded font '../../../Engine/Content/Editor/Slate/Fonts/FontAwesome.ttf' (139K)
[2018.09.05-21.53.19:143][  0]LogRenderer: Reallocating scene render targets to support 1208x576 Format 10 NumSamples 1 (Frame:1).
[2018.09.05-21.53.19:295][  0]LogSlate: FSceneViewport::OnFocusLost() reason 2
[2018.09.05-21.53.19:309][  0]LogSlate: Window 'Tutorials' being destroyed
[2018.09.05-21.53.19:338][  0]LogContentBrowser: Native class hierarchy updated for 'HierarchicalLODOutliner' in 0.0002 seconds. Added 0 classes and 0 folders.
[2018.09.05-21.53.19:338][  0]LogLoad: (Engine Initialization) Total time: 11.68 seconds
[2018.09.05-21.53.19:338][  0]LogLoad: (Engine Initialization) Total Blueprint compile time: 0.00 seconds
[2018.09.05-21.53.19:348][  0]LogWindowsTextInputMethodSystem: Display: IME system now deactivated.
[2018.09.05-21.53.19:373][  0]LogContentStreaming: Texture pool size now 1000 MB
[2018.09.05-21.53.19:407][  0]LogSlate: Took 0.002966 seconds to synchronously load lazily loaded font '../../../Engine/Content/Slate/Fonts/Roboto-Light.ttf' (167K)
[2018.09.05-21.53.20:038][ 65]LogAssetRegistry: Asset discovery search completed in 8.9313 seconds
[2018.09.05-21.53.20:040][ 65]LogCollectionManager: Rebuilt the object cache for 0 collections in 0.000000 seconds (found 0 objects)
[2018.09.05-21.53.20:040][ 65]LogCollectionManager: Fixed up redirectors for 0 collections in 0.000038 seconds (updated 0 objects)
[2018.09.05-21.53.31:928][590]LogSlate: FSceneViewport::OnFocusLost() reason 0
[2018.09.05-21.53.40:989][614]LogSlate: Window 'Source Control Login' being destroyed
[2018.09.05-21.53.50:558][757]LogSlate: FSceneViewport::OnFocusLost() reason 0
[2018.09.05-21.53.57:723][612]LogSlate: Took 0.000178 seconds to synchronously load lazily loaded font '../../../Engine/Content/Slate/Fonts/Roboto-Light.ttf' (167K)
[2018.09.05-21.53.57:728][612]LogAssetEditorManager: Opening Asset editor for Blueprint /Game/AdvancedLocomotionV3/Maps/ALS_GameMode_MP.ALS_GameMode_MP
[2018.09.05-21.53.58:089][612]LogEnum: Warning: Enum name collision: 'BP_DemoDisplay_Enum::ROund' is in both '/Game/StylizedFX_2/DemoRoom/BluePrint/BP_DemoDisplay_Enum.BP_DemoDisplay_Enum' and '/Game/RoboBars/DemoRoom/BluePrint/BP_DemoDisplay_Enum.BP_DemoDisplay_Enum'
[2018.09.05-21.53.58:089][612]LogEnum: Warning: Enum name collision: 'BP_DemoDisplay_Enum::SquareL' is in both '/Game/StylizedFX_2/DemoRoom/BluePrint/BP_DemoDisplay_Enum.BP_DemoDisplay_Enum' and '/Game/RoboBars/DemoRoom/BluePrint/BP_DemoDisplay_Enum.BP_DemoDisplay_Enum'
[2018.09.05-21.53.58:089][612]LogEnum: Warning: Enum name collision: 'BP_DemoDisplay_Enum::RoomL' is in both '/Game/StylizedFX_2/DemoRoom/BluePrint/BP_DemoDisplay_Enum.BP_DemoDisplay_Enum' and '/Game/RoboBars/DemoRoom/BluePrint/BP_DemoDisplay_Enum.BP_DemoDisplay_Enum'
[2018.09.05-21.53.58:089][612]LogEnum: Warning: Enum name collision: 'BP_DemoDisplay_Enum::DescriptionOnly' is in both '/Game/StylizedFX_2/DemoRoom/BluePrint/BP_DemoDisplay_Enum.BP_DemoDisplay_Enum' and '/Game/RoboBars/DemoRoom/BluePrint/BP_DemoDisplay_Enum.BP_DemoDisplay_Enum'
[2018.09.05-21.53.58:089][612]LogEnum: Warning: Enum name collision: 'BP_DemoDisplay_Enum::NewEnumerator0' is in both '/Game/StylizedFX_2/DemoRoom/BluePrint/BP_DemoDisplay_Enum.BP_DemoDisplay_Enum' and '/Game/RoboBars/DemoRoom/BluePrint/BP_DemoDisplay_Enum.BP_DemoDisplay_Enum'
[2018.09.05-21.53.58:089][612]LogEnum: Warning: Enum name collision: 'BP_DemoDisplay_Enum::BP_DemoDisplay_MAX' is in both '/Game/StylizedFX_2/DemoRoom/BluePrint/BP_DemoDisplay_Enum.BP_DemoDisplay_Enum' and '/Game/RoboBars/DemoRoom/BluePrint/BP_DemoDisplay_Enum.BP_DemoDisplay_Enum'
[2018.09.05-21.53.58:090][612]LogEnum: Warning: Enum name collision: 'BP_DemoDisplay_Enum::ROund' is in both '/Game/StylizedFX_2/DemoRoom/BluePrint/BP_DemoDisplay_Enum.BP_DemoDisplay_Enum' and '/Game/RoboBars/DemoRoom/BluePrint/BP_DemoDisplay_Enum.BP_DemoDisplay_Enum'
[2018.09.05-21.53.58:090][612]LogEnum: Warning: Enum name collision: 'BP_DemoDisplay_Enum::SquareL' is in both '/Game/StylizedFX_2/DemoRoom/BluePrint/BP_DemoDisplay_Enum.BP_DemoDisplay_Enum' and '/Game/RoboBars/DemoRoom/BluePrint/BP_DemoDisplay_Enum.BP_DemoDisplay_Enum'
[2018.09.05-21.53.58:090][612]LogEnum: Warning: Enum name collision: 'BP_DemoDisplay_Enum::RoomL' is in both '/Game/StylizedFX_2/DemoRoom/BluePrint/BP_DemoDisplay_Enum.BP_DemoDisplay_Enum' and '/Game/RoboBars/DemoRoom/BluePrint/BP_DemoDisplay_Enum.BP_DemoDisplay_Enum'
[2018.09.05-21.53.58:090][612]LogEnum: Warning: Enum name collision: 'BP_DemoDisplay_Enum::DescriptionOnly' is in both '/Game/StylizedFX_2/DemoRoom/BluePrint/BP_DemoDisplay_Enum.BP_DemoDisplay_Enum' and '/Game/RoboBars/DemoRoom/BluePrint/BP_DemoDisplay_Enum.BP_DemoDisplay_Enum'
[2018.09.05-21.53.58:090][612]LogEnum: Warning: Enum name collision: 'BP_DemoDisplay_Enum::NewEnumerator0' is in both '/Game/StylizedFX_2/DemoRoom/BluePrint/BP_DemoDisplay_Enum.BP_DemoDisplay_Enum' and '/Game/RoboBars/DemoRoom/BluePrint/BP_DemoDisplay_Enum.BP_DemoDisplay_Enum'
[2018.09.05-21.53.58:091][612]LogEnum: Warning: Enum name collision: 'BP_DemoRoom_Enum::Standard' is in both '/Game/StylizedFX_2/DemoRoom/BluePrint/BP_DemoRoom_Enum.BP_DemoRoom_Enum' and '/Game/RoboBars/DemoRoom/BluePrint/BP_DemoRoom_Enum.BP_DemoRoom_Enum'
[2018.09.05-21.53.58:091][612]LogEnum: Warning: Enum name collision: 'BP_DemoRoom_Enum::RoofwithHole' is in both '/Game/StylizedFX_2/DemoRoom/BluePrint/BP_DemoRoom_Enum.BP_DemoRoom_Enum' and '/Game/RoboBars/DemoRoom/BluePrint/BP_DemoRoom_Enum.BP_DemoRoom_Enum'
[2018.09.05-21.53.58:091][612]LogEnum: Warning: Enum name collision: 'BP_DemoRoom_Enum::RoofOpen' is in both '/Game/StylizedFX_2/DemoRoom/BluePrint/BP_DemoRoom_Enum.BP_DemoRoom_Enum' and '/Game/RoboBars/DemoRoom/BluePrint/BP_DemoRoom_Enum.BP_DemoRoom_Enum'
[2018.09.05-21.53.58:091][612]LogEnum: Warning: Enum name collision: 'BP_DemoRoom_Enum::BP_DemoRoom_MAX' is in both '/Game/StylizedFX_2/DemoRoom/BluePrint/BP_DemoRoom_Enum.BP_DemoRoom_Enum' and '/Game/RoboBars/DemoRoom/BluePrint/BP_DemoRoom_Enum.BP_DemoRoom_Enum'
[2018.09.05-21.53.58:091][612]LogEnum: Warning: Enum name collision: 'BP_DemoRoom_Enum::Standard' is in both '/Game/StylizedFX_2/DemoRoom/BluePrint/BP_DemoRoom_Enum.BP_DemoRoom_Enum' and '/Game/RoboBars/DemoRoom/BluePrint/BP_DemoRoom_Enum.BP_DemoRoom_Enum'
[2018.09.05-21.53.58:091][612]LogEnum: Warning: Enum name collision: 'BP_DemoRoom_Enum::RoofwithHole' is in both '/Game/StylizedFX_2/DemoRoom/BluePrint/BP_DemoRoom_Enum.BP_DemoRoom_Enum' and '/Game/RoboBars/DemoRoom/BluePrint/BP_DemoRoom_Enum.BP_DemoRoom_Enum'
[2018.09.05-21.53.58:091][612]LogEnum: Warning: Enum name collision: 'BP_DemoRoom_Enum::RoofOpen' is in both '/Game/StylizedFX_2/DemoRoom/BluePrint/BP_DemoRoom_Enum.BP_DemoRoom_Enum' and '/Game/RoboBars/DemoRoom/BluePrint/BP_DemoRoom_Enum.BP_DemoRoom_Enum'
[2018.09.05-21.53.58:126][612]LogContentBrowser: Native class hierarchy updated for 'BlueprintGraph' in 0.0005 seconds. Added 116 classes and 0 folders.
[2018.09.05-21.54.06:183][306]LogSlate: Window 'ALS_GameMode_MP' being destroyed
[2018.09.05-21.54.06:186][306]LogSlate: Window 'ALS_GameMode_MP' being destroyed
[2018.09.05-21.54.14:866][338]LogTexture: Display: Building textures: HQ_Lightmap1_1 (AutoDXT, 64X64)
[2018.09.05-21.54.14:866][338]LogTexture: Display: Building textures: SkyOcclusion1_1 (AutoDXT, 64X32)
[2018.09.05-21.54.14:866][338]LogTexture: Display: Building textures: LQ_Lightmap_1_1 (DXT1, 64X64)
[2018.09.05-21.54.14:866][338]LogTexture: Display: Building textures: ShadowMapTexture2D_0 (G8, 32X32)
[2018.09.05-21.54.14:871][338]LogAssetEditorManager: Opening Asset editor for MapBuildDataRegistry /Game/AdvancedLocomotionV3/Maps/ALSV3_EmptyLevel_BuiltData.ALSV3_EmptyLevel_BuiltData
[2018.09.05-21.54.16:936][580]LogSlate: Window 'ALSV3_EmptyLevel_BuiltData - Generic Asset Editor' being destroyed
[2018.09.05-21.54.16:940][580]LogSlate: Window 'ALSV3_EmptyLevel_BuiltData - Generic Asset Editor' being destroyed
[2018.09.05-21.54.19:164][839]LogAIModule: Creating AISystem for world ALSV3_EmptyLevel
[2018.09.05-21.54.19:170][839]LogAssetEditorManager: Opening Asset editor for World /Game/AdvancedLocomotionV3/Maps/ALSV3_EmptyLevel.ALSV3_EmptyLevel
[2018.09.05-21.54.19:212][839]Cmd: MAP LOAD FILE="E:/UE4_Projects/SlapIt/Content/AdvancedLocomotionV3/Maps/ALSV3_EmptyLevel.umap" TEMPLATE=0 SHOWPROGRESS=1 FEATURELEVEL=3
[2018.09.05-21.54.19:212][839]LightingResults: New page: Lighting Build
[2018.09.05-21.54.19:213][839]LoadErrors: New page: Loading map: ALSV3_EmptyLevel.umap
[2018.09.05-21.54.19:214][839]MapCheck: New page: Map Check
[2018.09.05-21.54.19:214][839]LightingResults: New page: Lighting Build
[2018.09.05-21.54.19:240][839]LogEditorServer: Finished looking for orphan Actors (0.000 secs)
[2018.09.05-21.54.19:274][839]Cmd: MAP CHECKDEP NOCLEARLOG
[2018.09.05-21.54.19:354][839]MapCheck: Map check complete: 0 Error(s), 0 Warning(s), took 79,492ms to complete.
[2018.09.05-21.54.19:354][839]LogFileHelpers: Loading map 'ALSV3_EmptyLevel' took 0.142
[2018.09.05-21.54.24:990][504]LogSlate: FSceneViewport::OnFocusLost() reason 0
[2018.09.05-21.54.25:217][520]LogAIModule: Creating AISystem for world ALSV3_DemoLevel_SP
[2018.09.05-21.54.25:232][520]LogAssetEditorManager: Opening Asset editor for World /Game/AdvancedLocomotionV3/Maps/ALSV3_DemoLevel_SP.ALSV3_DemoLevel_SP
[2018.09.05-21.54.25:252][520]Cmd: MAP LOAD FILE="E:/UE4_Projects/SlapIt/Content/AdvancedLocomotionV3/Maps/ALSV3_DemoLevel_SP.umap" TEMPLATE=0 SHOWPROGRESS=1 FEATURELEVEL=3
[2018.09.05-21.54.25:252][520]LightingResults: New page: Lighting Build
[2018.09.05-21.54.25:253][520]LoadErrors: New page: Loading map: ALSV3_DemoLevel_SP.umap
[2018.09.05-21.54.25:253][520]MapCheck: New page: Map Check
[2018.09.05-21.54.25:253][520]LightingResults: New page: Lighting Build
[2018.09.05-21.54.25:297][520]LogEditorServer: Finished looking for orphan Actors (0.000 secs)
[2018.09.05-21.54.25:336][520]Cmd: MAP CHECKDEP NOCLEARLOG
[2018.09.05-21.54.25:406][520]MapCheck: Map check complete: 0 Error(s), 0 Warning(s), took 69,91ms to complete.
[2018.09.05-21.54.25:406][520]LogFileHelpers: Loading map 'ALSV3_DemoLevel_SP' took 0.154
[2018.09.05-21.54.27:411][742]LogSlate: FSceneViewport::OnFocusLost() reason 0
[2018.09.05-21.54.27:718][760]LogTexture: Display: Building textures: SkyOcclusion0_2 (AutoDXT, 64X32)
[2018.09.05-21.54.28:152][760]LogTexture: Display: Building textures: HQ_Lightmap0_2 (AutoDXT, 64X64)
[2018.09.05-21.54.28:152][760]LogTexture: Display: Building textures: LQ_Lightmap_0_2 (DXT1, 64X64)
[2018.09.05-21.54.28:152][760]LogTexture: Display: Building textures: ShadowMapTexture2D_1 (G8, 32X32)
[2018.09.05-21.54.28:152][760]LogTexture: Display: Building textures: ShadowMapTexture2D_0 (G8, 1024X256)
[2018.09.05-21.54.28:152][760]LogTexture: Display: Building textures: SkyOcclusion0_1 (AutoDXT, 1024X512)
[2018.09.05-21.54.28:152][760]LogTexture: Display: Building textures: LQ_Lightmap_0_1 (DXT1, 1024X1024)
[2018.09.05-21.54.28:152][760]LogTexture: Display: Building textures: HQ_Lightmap0_1 (AutoDXT, 1024X1024)
[2018.09.05-21.54.28:154][760]LogAIModule: Creating AISystem for world ALSV3_DemoLevel_MP
[2018.09.05-21.54.28:200][760]LogAssetEditorManager: Opening Asset editor for World /Game/AdvancedLocomotionV3/Maps/ALSV3_DemoLevel_MP.ALSV3_DemoLevel_MP
[2018.09.05-21.54.28:226][760]Cmd: MAP LOAD FILE="E:/UE4_Projects/SlapIt/Content/AdvancedLocomotionV3/Maps/ALSV3_DemoLevel_MP.umap" TEMPLATE=0 SHOWPROGRESS=1 FEATURELEVEL=3
[2018.09.05-21.54.28:226][760]LightingResults: New page: Lighting Build
[2018.09.05-21.54.28:226][760]LoadErrors: New page: Loading map: ALSV3_DemoLevel_MP.umap
[2018.09.05-21.54.28:227][760]MapCheck: New page: Map Check
[2018.09.05-21.54.28:227][760]LightingResults: New page: Lighting Build
[2018.09.05-21.54.28:280][760]LogEditorServer: Finished looking for orphan Actors (0.000 secs)
[2018.09.05-21.54.28:320][760]Cmd: MAP CHECKDEP NOCLEARLOG
[2018.09.05-21.54.28:392][760]MapCheck: Map check complete: 0 Error(s), 0 Warning(s), took 71,164ms to complete.
[2018.09.05-21.54.28:392][760]LogFileHelpers: Loading map 'ALSV3_DemoLevel_MP' took 0.166
[2018.09.05-21.54.33:427][352]LogSlate: FSceneViewport::OnFocusLost() reason 0
[2018.09.05-22.00.21:349][115]LogBlueprint: Warning: [Compiler BP_FirstPersonCharacter] InputAction Event references unknown Action 'ResetVR' for  InputAction ResetVR
[2018.09.05-22.00.21:349][115]LogBlueprint: Warning: [Compiler BP_FirstPersonCharacter] InputAction Event references unknown Action 'Jump' for  InputAction Jump
[2018.09.05-22.00.21:349][115]LogBlueprint: Warning: [Compiler BP_FirstPersonCharacter] Input Axis Event references unknown Axis 'LookUpRate' for  InputAxis LookUpRate
[2018.09.05-22.00.21:349][115]LogBlueprint: Warning: [Compiler BP_FirstPersonCharacter] Input Axis Event references unknown Axis 'TurnRate' for  InputAxis TurnRate
[2018.09.05-22.00.21:349][115]LogBlueprint: Warning: [Compiler BP_FirstPersonCharacter] Input Axis Event references unknown Axis 'MoveRight' for  InputAxis MoveRight
[2018.09.05-22.00.21:349][115]LogBlueprint: Warning: [Compiler BP_FirstPersonCharacter] Input Axis Event references unknown Axis 'MoveForward' for  InputAxis MoveForward
[2018.09.05-22.00.21:349][115]LogBlueprint: Warning: [Compiler BP_FirstPersonCharacter] Input Axis Event references unknown Axis 'LookUp' for  InputAxis LookUp
[2018.09.05-22.00.21:349][115]LogBlueprint: Warning: [Compiler BP_FirstPersonCharacter] Input Axis Event references unknown Axis 'Turn' for  InputAxis Turn
[2018.09.05-22.00.21:352][115]LogBlueprint: Warning: [Compiler BP_FirstPersonCharacter] [0433,69] Compile of BP_FirstPersonCharacter successful, but with 8 Warning(s) [in 7 ms] (/Game/RoboBars/Demo/Blueprints/BP_FirstPersonCharacter.BP_FirstPersonCharacter)
[2018.09.05-22.02.55:554][ 77]LogMetaData: Removing '/Game/AdvancedLocomotionV3/Blueprints/UI/BP_UI_Main.SKEL_BP_UI_Main_C' ref from Metadata '/Game/AdvancedLocomotionV3/Blueprints/UI/BP_Main_UI.PackageMetaData'
[2018.09.05-22.02.55:554][ 77]LogMetaData: Removing '/Game/AdvancedLocomotionV3/Blueprints/UI/BP_UI_Main.BP_UI_Main_C' ref from Metadata '/Game/AdvancedLocomotionV3/Blueprints/UI/BP_Main_UI.PackageMetaData'
[2018.09.05-22.02.55:554][ 77]LogMetaData: Removing '/Game/AdvancedLocomotionV3/Blueprints/UI/BP_UI_Main.BP_UI_Main:EventGraph.K2Node_Event_0' ref from Metadata '/Game/AdvancedLocomotionV3/Blueprints/UI/BP_Main_UI.PackageMetaData'
[2018.09.05-22.02.55:554][ 77]LogMetaData: Removing '/Game/AdvancedLocomotionV3/Blueprints/UI/BP_UI_Main.BP_UI_Main:EventGraph.K2Node_Event_1' ref from Metadata '/Game/AdvancedLocomotionV3/Blueprints/UI/BP_Main_UI.PackageMetaData'
[2018.09.05-22.02.55:554][ 77]LogMetaData: Removing '/Game/AdvancedLocomotionV3/Blueprints/UI/BP_UI_Main.BP_UI_Main:EventGraph.K2Node_Event_2' ref from Metadata '/Game/AdvancedLocomotionV3/Blueprints/UI/BP_Main_UI.PackageMetaData'
[2018.09.05-22.02.55:590][ 77]Cmd: OBJ SAVEPACKAGE PACKAGE="/Game/AdvancedLocomotionV3/Blueprints/UI/BP_UI_Main" FILE="E:/UE4_Projects/SlapIt/Content/AdvancedLocomotionV3/Blueprints/UI/BP_UI_Main.uasset" SILENT=true
[2018.09.05-22.02.55:601][ 77]LogSavePackage: Moving 'E:/UE4_Projects/SlapIt/Saved/BP_UI_Main005E66D24BE3029B0BBB67855D36EE75.tmp' to 'E:/UE4_Projects/SlapIt/Content/AdvancedLocomotionV3/Blueprints/UI/BP_UI_Main.uasset'
[2018.09.05-22.03.35:848][750]LogAssetEditorManager: Opening Asset editor for WidgetBlueprint /Game/AdvancedLocomotionV3/Blueprints/UI/BP_UI_Main.BP_UI_Main
[2018.09.05-22.03.36:265][750]LogSlate: Took 0.009360 seconds to synchronously load lazily loaded font '../../../Engine/Content/Slate/Fonts/Roboto-BoldCondensed.ttf' (158K)
[2018.09.05-22.08.47:167][429]LogAssetEditorManager: Opening Asset editor for SkeletalMesh /Game/AdvancedLocomotionV3/Characters/Mannequin/Mannequin.Mannequin
[2018.09.05-22.08.47:191][429]LogContentBrowser: Native class hierarchy updated for 'SkeletonEditor' in 0.0002 seconds. Added 1 classes and 2 folders.
[2018.09.05-22.08.47:413][429]LogActorComponent: RegisterComponentWithWorld: (/Engine/Transient.World_10:PersistentLevel.AnimationEditorPreviewActor_0.DebugSkelMeshComponent_0) Already registered. Aborting.
[2018.09.05-22.08.47:419][429]LogContentBrowser: Native class hierarchy updated for 'PinnedCommandList' in 0.0002 seconds. Added 1 classes and 0 folders.
[2018.09.05-22.08.47:474][429]LogSkeletalMesh: USkeletalMeshComponent::InitArticulated : Bodies already created (/Engine/Transient.World_10:PersistentLevel.AnimationEditorPreviewActor_0.DebugSkelMeshComponent_0) - call TermArticulated first.
[2018.09.05-22.08.47:768][429]LogSlate: Took 0.002705 seconds to synchronously load lazily loaded font '../../../Engine/Content/Slate/Fonts/Roboto-Italic.ttf' (157K)
[2018.09.05-22.08.47:813][429]LogContentBrowser: Native class hierarchy updated for 'ClothingSystemEditorInterface' in 0.0002 seconds. Added 1 classes and 0 folders.
[2018.09.05-22.08.47:862][430]LogRenderer: Reallocating scene render targets to support 1208x888 Format 10 NumSamples 1 (Frame:1).
[2018.09.05-22.08.54:305][644]LogAssetEditorManager: Opening Asset editor for AnimBlueprint /Game/AdvancedLocomotionV3/Characters/Mannequin/Mannequin_AnimBP.Mannequin_AnimBP
[2018.09.05-22.08.54:336][644]LogActorComponent: RegisterComponentWithWorld: (/Engine/Transient.World_13:PersistentLevel.AnimationEditorPreviewActor_0.DebugSkelMeshComponent_0) Already registered. Aborting.
[2018.09.05-22.08.54:581][644]LogSkeletalMesh: USkeletalMeshComponent::InitArticulated : Bodies already created (/Engine/Transient.World_13:PersistentLevel.AnimationEditorPreviewActor_0.DebugSkelMeshComponent_0) - call TermArticulated first.
[2018.09.05-22.09.25:905][550]LogAssetEditorManager: Opening Asset editor for BlendSpace /Game/AdvancedLocomotionV3/Characters/Mannequin/Animations/AdditivePoses/ALS_N_Lean_Grounded.ALS_N_Lean_Grounded
[2018.09.05-22.09.25:927][550]LogActorComponent: RegisterComponentWithWorld: (/Engine/Transient.World_15:PersistentLevel.AnimationEditorPreviewActor_0.DebugSkelMeshComponent_0) Already registered. Aborting.
[2018.09.05-22.09.25:944][550]LogSkeletalMesh: USkeletalMeshComponent::InitArticulated : Bodies already created (/Engine/Transient.World_15:PersistentLevel.AnimationEditorPreviewActor_0.DebugSkelMeshComponent_0) - call TermArticulated first.
[2018.09.05-22.09.26:222][550]LogContentBrowser: Verbose: The majority of assets in the view are of type: AnimSequence
[2018.09.05-22.10.09:605][678]LogAssetEditorManager: Opening Asset editor for PhysicsAsset /Game/AdvancedLocomotionV3/Characters/Mannequin/Mannequin_PhysicsAsset.Mannequin_PhysicsAsset
[2018.09.05-22.10.09:633][678]LogContentBrowser: Native class hierarchy updated for 'PhysicsAssetEditor' in 0.0002 seconds. Added 7 classes and 3 folders.
[2018.09.05-22.10.09:646][678]LogActorComponent: RegisterComponentWithWorld: (/Engine/Transient.World_18:PersistentLevel.AnimationEditorPreviewActor_0.PhysicsAssetEditorSkeletalMeshComponent_0) Already registered. Aborting.
[2018.09.05-22.10.48:656][204]LogFileHelpers: Editor autosave (incl. sublevels) for '/Game/AdvancedLocomotionV3/Maps/ALSV3_DemoLevel_MP' took 0.045
[2018.09.05-22.10.48:659][204]OBJ SavePackage: Generating thumbnails for [1] asset(s) in package [/Game/AdvancedLocomotionV3/Characters/Mannequin/Mannequin_AnimBP] ([1] browsable assets)...
[2018.09.05-22.10.48:669][204]OBJ SavePackage:     Rendered thumbnail for [AnimBlueprint /Game/AdvancedLocomotionV3/Characters/Mannequin/Mannequin_AnimBP.Mannequin_AnimBP]
[2018.09.05-22.10.48:669][204]OBJ SavePackage: Finished generating thumbnails for package [/Game/AdvancedLocomotionV3/Characters/Mannequin/Mannequin_AnimBP]
[2018.09.05-22.10.49:776][204]LogSavePackage: Moving 'E:/UE4_Projects/SlapIt/Saved/Mannequin_AnimBP_Auto1626D62DC41DF70A95AC6DFBB0BD51C4C.tmp' to 'E:/UE4_Projects/SlapIt/Saved/Autosaves/Game/AdvancedLocomotionV3/Characters/Mannequin/Mannequin_AnimBP_Auto1.uasset'
[2018.09.05-22.10.49:780][204]LogFileHelpers: Auto-saving content packages took 1.123
[2018.09.05-22.23.00:673][605]LogAssetEditorManager: Opening Asset editor for World /Game/AdvancedLocomotionV3/Maps/lvl_Test.lvl_Test
[2018.09.05-22.23.12:996][605]LogSlate: Window 'Save Content' being destroyed
[2018.09.05-22.23.13:166][605]Cmd: OBJ SAVEPACKAGE PACKAGE="/Game/AdvancedLocomotionV3/Maps/lvl_Test" FILE="E:/UE4_Projects/SlapIt/Content/AdvancedLocomotionV3/Maps/lvl_Test.umap" SILENT=true AUTOSAVING=false KEEPDIRTY=false
[2018.09.05-22.23.13:195][605]LogSavePackage: Moving 'E:/UE4_Projects/SlapIt/Saved/lvl_TestCF1F3F164836E031B6629880A9B60AC2.tmp' to 'E:/UE4_Projects/SlapIt/Content/AdvancedLocomotionV3/Maps/lvl_Test.umap'
[2018.09.05-22.23.13:370][605]LogFileHelpers: Saving map 'lvl_Test' took 0.284
[2018.09.05-22.23.13:373][605]Cmd: MAP LOAD FILE="E:/UE4_Projects/SlapIt/Content/AdvancedLocomotionV3/Maps/lvl_Test.umap" TEMPLATE=0 SHOWPROGRESS=1 FEATURELEVEL=3
[2018.09.05-22.23.13:373][605]LightingResults: New page: Lighting Build
[2018.09.05-22.23.13:374][605]LoadErrors: New page: Loading map: lvl_Test.umap
[2018.09.05-22.23.13:376][605]MapCheck: New page: Map Check
[2018.09.05-22.23.13:376][605]LightingResults: New page: Lighting Build
[2018.09.05-22.23.13:404][605]LogEditorServer: Finished looking for orphan Actors (0.000 secs)
[2018.09.05-22.23.13:404][605]LogAIModule: Creating AISystem for world lvl_Test
[2018.09.05-22.23.13:441][605]Cmd: MAP CHECKDEP NOCLEARLOG
[2018.09.05-22.23.13:515][605]MapCheck: Map check complete: 0 Error(s), 0 Warning(s), took 74,239ms to complete.
[2018.09.05-22.23.13:517][605]LogFileHelpers: Loading map 'lvl_Test' took 0.145
[2018.09.05-22.23.36:186][317]LogActorFactory: Actor Factory created Sphere
[2018.09.05-22.23.36:681][333]LogActorFactory: Actor Factory created Sphere
[2018.09.05-22.23.39:940][426]Cmd: DELETE
[2018.09.05-22.23.39:940][426]Cmd: ACTOR DELETE
[2018.09.05-22.23.39:966][426]LogEditorActor: Deleted Actor: StaticMeshActor
[2018.09.05-22.23.39:987][426]LogEditorActor: Deleted 1 Actors (0.038 secs)
[2018.09.05-22.23.45:671][594]LogSlate: FSceneViewport::OnFocusLost() reason 0
[2018.09.05-22.24.12:102][387]LogSlate: FSceneViewport::OnFocusLost() reason 0
[2018.09.05-22.24.33:054][  3]LogMaterial: Display: Missing cached shader map for material LayerVisMaterial, compiling. 
[2018.09.05-22.24.33:083][  3]LogShaderCompilers: Display: Shaders left to compile 8
[2018.09.05-22.24.33:083][  3]LogMaterial: Display: Missing cached shader map for material SelectBrushMaterial, compiling. 
[2018.09.05-22.24.33:103][  3]LogShaderCompilers: Display: Shaders left to compile 20
[2018.09.05-22.24.33:103][  3]LogShaderCompilers: Display: Shaders left to compile 10
[2018.09.05-22.24.33:103][  3]LogMaterial: Display: Missing cached shader map for material SelectBrushMaterial, compiling. 
[2018.09.05-22.24.33:134][  3]LogShaderCompilers: Display: Shaders left to compile 20
[2018.09.05-22.24.33:134][  3]LogMaterial: Display: Missing cached shader map for material MaskBrushMaterial, compiling. 
[2018.09.05-22.24.33:165][  3]LogMaterial: Display: Missing cached shader map for material LandscapeLayerUsageMaterial, compiling. 
[2018.09.05-22.24.33:206][  3]LogMaterial: Display: Missing cached shader map for material CircleBrushMaterial, compiling. 
[2018.09.05-22.24.33:218][  3]LogMaterial: Display: Missing cached shader map for material CircleBrushMaterial, compiling. 
[2018.09.05-22.24.33:237][  3]LogMaterial: Display: Missing cached shader map for material CircleBrushMaterial, compiling. 
[2018.09.05-22.24.33:252][  3]LogMaterial: Display: Missing cached shader map for material CircleBrushMaterial, compiling. 
[2018.09.05-22.24.33:268][  3]LogMaterial: Display: Missing cached shader map for material AlphaBrushMaterial, compiling. 
[2018.09.05-22.24.33:281][  3]LogMaterial: Display: Missing cached shader map for material CircleBrushMaterial, compiling. 
[2018.09.05-22.24.33:296][  3]LogMaterial: Display: Missing cached shader map for material MaskBrushMaterial, compiling. 
[2018.09.05-22.24.33:312][  3]LogTexture: Display: Building textures: Texture2D_2 (G8, 128X128)
[2018.09.05-22.24.35:180][ 46]LogShaderCompilers: Display: Shaders left to compile 178
[2018.09.05-22.24.35:881][ 61]LogShaderCompilers: Display: Shaders left to compile 168
[2018.09.05-22.24.35:984][ 63]LogShaderCompilers: Display: Shaders left to compile 158
[2018.09.05-22.24.35:990][ 63]LogShaderCompilers: Display: Shaders left to compile 148
[2018.09.05-22.24.37:411][ 94]LogShaderCompilers: Display: Shaders left to compile 138
[2018.09.05-22.24.37:918][106]LogShaderCompilers: Display: Shaders left to compile 128
[2018.09.05-22.24.38:050][109]LogShaderCompilers: Display: Shaders left to compile 118
[2018.09.05-22.24.38:129][111]LogShaderCompilers: Display: Shaders left to compile 108
[2018.09.05-22.24.39:694][147]LogShaderCompilers: Display: Shaders left to compile 98
[2018.09.05-22.24.40:190][158]LogShaderCompilers: Display: Shaders left to compile 88
[2018.09.05-22.24.40:326][161]LogShaderCompilers: Display: Shaders left to compile 78
[2018.09.05-22.24.40:401][163]LogShaderCompilers: Display: Shaders left to compile 68
[2018.09.05-22.24.41:982][200]LogShaderCompilers: Display: Shaders left to compile 58
[2018.09.05-22.24.42:436][211]LogShaderCompilers: Display: Shaders left to compile 48
[2018.09.05-22.24.42:563][214]LogShaderCompilers: Display: Shaders left to compile 38
[2018.09.05-22.24.42:636][216]LogShaderCompilers: Display: Shaders left to compile 28
[2018.09.05-22.24.44:219][253]LogShaderCompilers: Display: Shaders left to compile 18
[2018.09.05-22.24.44:681][264]LogShaderCompilers: Display: Shaders left to compile 8
[2018.09.05-22.24.56:731][612]LogActorFactory: Actor Factory created Plane
[2018.09.05-22.25.00:125][708]LogActorFactory: Actor Factory created Plane
[2018.09.05-22.25.03:306][792]Cmd: DELETE
[2018.09.05-22.25.03:306][792]Cmd: ACTOR DELETE
[2018.09.05-22.25.03:308][792]LogEditorActor: Deleted Actor: StaticMeshActor
[2018.09.05-22.25.03:333][792]LogEditorActor: Deleted 1 Actors (0.027 secs)
[2018.09.05-22.25.07:491][925]LogSlate: FSceneViewport::OnFocusLost() reason 0
[2018.09.05-22.25.13:574][124]LogActorFactory: Actor Factory created Floor
[2018.09.05-22.25.14:477][148]LogActorFactory: Actor Factory created Floor
[2018.09.05-22.25.30:506][630]LogSlate: FSceneViewport::OnFocusLost() reason 0
[2018.09.05-22.25.58:483][401]LogSlate: FSceneViewport::OnFocusLost() reason 0
[2018.09.05-22.26.10:615][767]LogSlate: FSceneViewport::OnFocusLost() reason 0
[2018.09.05-22.26.22:465][101]LogSlate: FSceneViewport::OnFocusLost() reason 0
[2018.09.05-22.26.22:557][104]LogTemp: Repeating last play command: Selected Viewport
[2018.09.05-22.26.22:573][104]LogPlayLevel: PlayLevel: No blueprints needed recompiling
[2018.09.05-22.26.22:590][104]PIE: New page: PIE session: lvl_Test (06.09.2018 02:26:22)
[2018.09.05-22.26.22:590][104]LogPlayLevel: Creating play world package: /Game/AdvancedLocomotionV3/Maps/UEDPIE_0_lvl_Test
[2018.09.05-22.26.22:593][104]LogPlayLevel: PIE: StaticDuplicateObject took: (0.002799s)
[2018.09.05-22.26.22:594][104]LogAIModule: Creating AISystem for world lvl_Test
[2018.09.05-22.26.22:594][104]LogPlayLevel: PIE: World Init took: (0.000910s)
[2018.09.05-22.26.22:594][104]LogPlayLevel: PIE: Created PIE world by copying editor world from /Game/AdvancedLocomotionV3/Maps/lvl_Test.lvl_Test to /Game/AdvancedLocomotionV3/Maps/UEDPIE_0_lvl_Test.lvl_Test (0.003814s)
[2018.09.05-22.26.22:641][104]LogInit: XAudio2 using 'Lautsprecher (2- Logitech G533 Gaming Headset)' : 6 channels at 48 kHz using 16 bits per sample (channel mask 0x3f)
[2018.09.05-22.26.22:658][104]LogInit: FAudioDevice initialized.
[2018.09.05-22.26.22:707][104]LogLoad: Game class is 'GameModeBase'
[2018.09.05-22.26.22:711][104]LogWorld: Bringing World /Game/AdvancedLocomotionV3/Maps/UEDPIE_0_lvl_Test.lvl_Test up for play (max tick rate 0) at 2018.09.06-00.26.22
[2018.09.05-22.26.22:728][104]LogWorld: Bringing up level for play took: 0.018976
[2018.09.05-22.26.22:777][104]LogContentBrowser: Native class hierarchy updated for 'MovieSceneCapture' in 0.0006 seconds. Added 10 classes and 0 folders.
[2018.09.05-22.26.22:782][104]PIE: Play in editor start time for /Game/AdvancedLocomotionV3/Maps/UEDPIE_0_lvl_Test -0,171
[2018.09.05-22.26.28:809][303]LogSlate: Updating window title bar state: overlay mode, drag disabled, window buttons hidden, title bar hidden
[2018.09.05-22.26.28:842][303]LogPlayLevel: Display: Shutting down PIE online subsystems
[2018.09.05-22.26.28:866][303]LogSlate: Updating window title bar state: overlay mode, drag disabled, window buttons hidden, title bar hidden
[2018.09.05-22.26.28:912][304]LogPlayLevel: Display: Destroying online subsystem :Context_22
[2018.09.05-22.26.36:035][511]LogEditorViewport: Clicking on Actor (LMB): StaticMeshActor (Floor)
[2018.09.05-22.26.38:632][584]LogSlate: FSceneViewport::OnFocusLost() reason 0
[2018.09.05-22.27.12:459][794]LogEditorViewport: Clicking on Actor (LMB): StaticMeshActor (Floor)
[2018.09.05-22.27.22:388][ 77]LogSlate: FSceneViewport::OnFocusLost() reason 0
[2018.09.05-22.28.00:389][982]LogUObjectGlobals: Warning: Failed to find object 'Class None.None'
[2018.09.05-22.28.00:392][982]LogUObjectGlobals: Warning: Failed to find object 'Class None.None'
[2018.09.05-22.28.53:495][410]LogSlate: FSceneViewport::OnFocusLost() reason 0
[2018.09.05-22.28.53:638][414]LogSlate: Window 'BP_UI_Main' being destroyed
[2018.09.05-22.28.53:641][414]LogSlate: Window 'BP_UI_Main' being destroyed
[2018.09.05-22.29.12:085][529]Cmd: OBJ SAVEPACKAGE PACKAGE="/Game/AdvancedLocomotionV3/Maps/lvl_Test" FILE="E:/UE4_Projects/SlapIt/Content/AdvancedLocomotionV3/Maps/lvl_Test.umap" SILENT=true AUTOSAVING=false KEEPDIRTY=false
[2018.09.05-22.29.12:125][529]LogSavePackage: Moving 'E:/UE4_Projects/SlapIt/Saved/lvl_TestF4EF17724C1470779BB0A69ABA9899ED.tmp' to 'E:/UE4_Projects/SlapIt/Content/AdvancedLocomotionV3/Maps/lvl_Test.umap'
[2018.09.05-22.29.15:997][983]SourceControl: fatal: C:/Program Files/Epic Games/UE_4.20/Engine/Content: 'C:/Program Files/Epic Games/UE_4.20/Engine/Content' is outside repository
[2018.09.05-22.30.58:391][983]LogSlate: Window 'Submit Files' being destroyed
[2018.09.05-22.31.00:013][983]LogSourceControl: commit successful: [master 5ffcf45] lvl_Test -> zum Testen des UIs (wird später gelöscht) BP_UI_Main -> Erster UI-Blueprint zum lernen (wird später gelöscht)
[2018.09.05-22.31.00:101][983]SourceControl: [master 5ffcf45] lvl_Test -> zum Testen des UIs (wird später gelöscht) BP_UI_Main -> Erster UI-Blueprint zum lernen (wird später gelöscht)
[2018.09.05-22.31.00:101][983]SourceControl:  2 files changed, 0 insertions(+), 0 deletions(-)
[2018.09.05-22.31.00:101][983]SourceControl:  create mode 100644 Content/AdvancedLocomotionV3/Blueprints/UI/BP_UI_Main.uasset
[2018.09.05-22.31.00:101][983]SourceControl:  create mode 100644 Content/AdvancedLocomotionV3/Maps/lvl_Test.umap
[2018.09.05-22.31.00:124][983]SourceControl: Commited [master 5ffcf45] lvl_Test -> zum Testen des UIs (wird später gelöscht) BP_UI_Main -> Erster UI-Blueprint zum lernen (wird später gelöscht).
[2018.09.05-22.31.14:680][938]LogSlate: Window 'Save Content' being destroyed
[2018.09.05-22.31.14:723][938]LogSlate: Window 'SlapIt - Unreal Editor' being destroyed
[2018.09.05-22.31.14:917][939]Cmd: QUIT_EDITOR
[2018.09.05-22.31.15:874][939]LogWindowsTextInputMethodSystem: Display: IME system now deactivated.
[2018.09.05-22.31.15:906][939]LogExit: Preparing to exit.
[2018.09.05-22.31.16:854][939]LogExit: Editor shut down
[2018.09.05-22.31.16:854][939]LogExit: Transaction tracking system shut down
[2018.09.05-22.31.17:525][939]LogExit: Object subsystem successfully closed.
[2018.09.05-22.31.17:544][939]LogShaderCompilers: Display: Shaders left to compile 0
[2018.09.05-22.31.17:548][939]LogD3D11RHI: Shutdown
[2018.09.05-22.31.17:548][939]LogD3D11RHI: CleanupD3DDevice
[2018.09.05-22.31.17:554][939]LogD3D11RHI: ~FD3D11DynamicRHI
[2018.09.05-22.31.17:577][939]LogModuleManager: Shutting down and abandoning module MovieSceneCapture (630)
[2018.09.05-22.31.17:578][939]LogModuleManager: Shutting down and abandoning module Voice (628)
[2018.09.05-22.31.17:578][939]LogModuleManager: Shutting down and abandoning module PhysicsAssetEditor (626)
[2018.09.05-22.31.17:578][939]LogModuleManager: Shutting down and abandoning module AnimationEditor (624)
[2018.09.05-22.31.17:579][939]LogModuleManager: Shutting down and abandoning module AnimationBlueprintEditor (622)
[2018.09.05-22.31.17:579][939]LogModuleManager: Shutting down and abandoning module ClothingSystemEditorInterface (620)
[2018.09.05-22.31.17:579][939]LogModuleManager: Shutting down and abandoning module PinnedCommandList (618)
[2018.09.05-22.31.17:579][939]LogModuleManager: Shutting down and abandoning module SkeletonEditor (616)
[2018.09.05-22.31.17:579][939]LogModuleManager: Shutting down and abandoning module SequencerWidgets (614)
[2018.09.05-22.31.17:579][939]LogModuleManager: Shutting down and abandoning module BlueprintGraph (612)
[2018.09.05-22.31.17:579][939]LogModuleManager: Shutting down and abandoning module HierarchicalLODOutliner (610)
[2018.09.05-22.31.17:579][939]LogModuleManager: Shutting down and abandoning module SceneOutliner (608)
[2018.09.05-22.31.17:579][939]LogModuleManager: Shutting down and abandoning module AddContentDialog (606)
[2018.09.05-22.31.17:580][939]LogModuleManager: Shutting down and abandoning module WidgetCarousel (605)
[2018.09.05-22.31.17:580][939]LogModuleManager: Shutting down and abandoning module EditorWidgets (602)
[2018.09.05-22.31.17:580][939]LogModuleManager: Shutting down and abandoning module CollectionManager (600)
[2018.09.05-22.31.17:580][939]LogModuleManager: Shutting down and abandoning module StatsViewer (598)
[2018.09.05-22.31.17:580][939]LogModuleManager: Shutting down and abandoning module FoliageEdit (596)
[2018.09.05-22.31.17:580][939]LogModuleManager: Shutting down and abandoning module LandscapeEditor (594)
[2018.09.05-22.31.17:581][939]LogModuleManager: Shutting down and abandoning module MeshPaintMode (592)
[2018.09.05-22.31.17:581][939]LogModuleManager: Shutting down and abandoning module SceneDepthPickerMode (590)
[2018.09.05-22.31.17:581][939]LogModuleManager: Shutting down and abandoning module ActorPickerMode (588)
[2018.09.05-22.31.17:581][939]LogModuleManager: Shutting down and abandoning module GeometryMode (586)
[2018.09.05-22.31.17:581][939]LogModuleManager: Shutting down and abandoning module TextureAlignMode (584)
[2018.09.05-22.31.17:581][939]LogModuleManager: Shutting down and abandoning module BspMode (582)
[2018.09.05-22.31.17:581][939]LogModuleManager: Shutting down and abandoning module PIEPreviewDeviceProfileSelector (580)
[2018.09.05-22.31.17:581][939]LogModuleManager: Shutting down and abandoning module SequenceRecorderSections (578)
[2018.09.05-22.31.17:581][939]LogModuleManager: Shutting down and abandoning module AutomationWorker (576)
[2018.09.05-22.31.17:581][939]LogModuleManager: Shutting down and abandoning module AudioCaptureEditor (574)
[2018.09.05-22.31.17:581][939]LogModuleManager: Shutting down and abandoning module SequenceRecorder (573)
[2018.09.05-22.31.17:581][939]LogModuleManager: Shutting down and abandoning module MatineeToLevelSequence (570)
[2018.09.05-22.31.17:581][939]LogModuleManager: Shutting down and abandoning module LevelSequenceEditor (568)
[2018.09.05-22.31.17:581][939]LogModuleManager: Shutting down and abandoning module PlacementMode (567)
[2018.09.05-22.31.17:581][939]LogModuleManager: Shutting down and abandoning module MaterialEditor (566)
[2018.09.05-22.31.17:581][939]LogModuleManager: Shutting down and abandoning module WmfMediaFactory (562)
[2018.09.05-22.31.17:581][939]LogModuleManager: Shutting down and abandoning module WmfMediaEditor (560)
[2018.09.05-22.31.17:581][939]LogModuleManager: Shutting down and abandoning module MediaPlayerEditor (558)
[2018.09.05-22.31.17:581][939]LogModuleManager: Shutting down and abandoning module OpenExrWrapper (556)
[2018.09.05-22.31.17:581][939]LogModuleManager: Shutting down and abandoning module ImgMediaFactory (554)
[2018.09.05-22.31.17:581][939]LogModuleManager: Shutting down and abandoning module ImgMediaEditor (552)
[2018.09.05-22.31.17:581][939]LogModuleManager: Shutting down and abandoning module AvfMediaFactory (550)
[2018.09.05-22.31.17:581][939]LogModuleManager: Shutting down and abandoning module AvfMediaEditor (548)
[2018.09.05-22.31.17:581][939]LogModuleManager: Shutting down and abandoning module AndroidMediaFactory (546)
[2018.09.05-22.31.17:581][939]LogModuleManager: Shutting down and abandoning module AndroidMediaEditor (544)
[2018.09.05-22.31.17:581][939]LogModuleManager: Shutting down and abandoning module MagicLeapCameraPreviewFactory (542)
[2018.09.05-22.31.17:581][939]LogModuleManager: Shutting down and abandoning module MagicLeapMediaFactory (540)
[2018.09.05-22.31.17:581][939]LogModuleManager: Shutting down and abandoning module MagicLeapMediaEditor (538)
[2018.09.05-22.31.17:581][939]LogModuleManager: Shutting down and abandoning module CharacterAI (536)
[2018.09.05-22.31.17:581][939]LogModuleManager: Shutting down and abandoning module SmartSnapping (534)
[2018.09.05-22.31.17:581][939]LogModuleManager: Shutting down and abandoning module SessionServices (532)
[2018.09.05-22.31.17:581][939]LogModuleManager: Shutting down and abandoning module ViewportSnapping (530)
[2018.09.05-22.31.17:581][939]LogModuleManager: Shutting down and abandoning module ViewportInteraction (528)
[2018.09.05-22.31.17:581][939]LogModuleManager: Shutting down and abandoning module ClothPainter (526)
[2018.09.05-22.31.17:582][939]LogModuleManager: Shutting down and abandoning module SkeletalMeshEditor (525)
[2018.09.05-22.31.17:582][939]LogModuleManager: Shutting down and abandoning module LogVisualizer (522)
[2018.09.05-22.31.17:582][939]LogModuleManager: Shutting down and abandoning module IntroTutorials (520)
[2018.09.05-22.31.17:582][939]LogModuleManager: Shutting down and abandoning module GameProjectGeneration (519)
[2018.09.05-22.31.17:582][939]LogModuleManager: Shutting down and abandoning module LuminPlatformEditor (516)
[2018.09.05-22.31.17:582][939]LogModuleManager: Shutting down and abandoning module IOSPlatformEditor (514)
[2018.09.05-22.31.17:582][939]LogModuleManager: Shutting down and abandoning module HTML5PlatformEditor (512)
[2018.09.05-22.31.17:582][939]LogModuleManager: Shutting down and abandoning module AndroidPlatformEditor (510)
[2018.09.05-22.31.17:582][939]LogModuleManager: Shutting down and abandoning module AndroidDeviceDetection (509)
[2018.09.05-22.31.18:852][939]LogModuleManager: Shutting down and abandoning module WindowsPlatformEditor (506)
[2018.09.05-22.31.18:852][939]LogModuleManager: Shutting down and abandoning module LuminRuntimeSettings (504)
[2018.09.05-22.31.18:852][939]LogModuleManager: Shutting down and abandoning module IOSRuntimeSettings (502)
[2018.09.05-22.31.18:852][939]LogModuleManager: Shutting down and abandoning module AndroidRuntimeSettings (500)
[2018.09.05-22.31.18:852][939]LogModuleManager: Shutting down and abandoning module InputBindingEditor (498)
[2018.09.05-22.31.18:853][939]LogModuleManager: Shutting down and abandoning module MergeActors (496)
[2018.09.05-22.31.18:853][939]LogModuleManager: Shutting down and abandoning module LocalizationDashboard (494)
[2018.09.05-22.31.18:853][939]LogModuleManager: Shutting down and abandoning module LocalizationService (493)
[2018.09.05-22.31.18:853][939]LogModuleManager: Shutting down and abandoning module HardwareTargeting (490)
[2018.09.05-22.31.18:853][939]LogModuleManager: Shutting down and abandoning module DeviceProfileEditor (488)
[2018.09.05-22.31.18:853][939]LogModuleManager: Shutting down and abandoning module UndoHistory (486)
[2018.09.05-22.31.18:853][939]LogModuleManager: Shutting down and abandoning module XmlParser (484)
[2018.09.05-22.31.18:853][939]LogModuleManager: Shutting down and abandoning module Blutility (482)
[2018.09.05-22.31.18:853][939]LogModuleManager: Shutting down and abandoning module ProjectSettingsViewer (480)
[2018.09.05-22.31.18:853][939]LogModuleManager: Shutting down and abandoning module ProjectTargetPlatformEditor (479)
[2018.09.05-22.31.18:853][939]LogModuleManager: Shutting down and abandoning module EditorSettingsViewer (476)
[2018.09.05-22.31.18:853][939]LogModuleManager: Shutting down and abandoning module SettingsEditor (474)
[2018.09.05-22.31.18:853][939]LogModuleManager: Shutting down and abandoning module ProjectLauncher (472)
[2018.09.05-22.31.18:853][939]LogModuleManager: Shutting down and abandoning module SessionFrontend (470)
[2018.09.05-22.31.18:853][939]LogModuleManager: Shutting down and abandoning module ProfilerClient (468)
[2018.09.05-22.31.18:853][939]LogModuleManager: Shutting down and abandoning module DeviceManager (466)
[2018.09.05-22.31.18:853][939]LogModuleManager: Shutting down and abandoning module TargetDeviceServices (465)
[2018.09.05-22.31.18:907][939]LogModuleManager: Shutting down and abandoning module AutomationController (462)
[2018.09.05-22.31.18:907][939]LogModuleManager: Shutting down and abandoning module AutomationWindow (460)
[2018.09.05-22.31.18:907][939]LogModuleManager: Shutting down and abandoning module Layers (458)
[2018.09.05-22.31.18:907][939]LogModuleManager: Shutting down and abandoning module ComponentVisualizers (456)
[2018.09.05-22.31.18:907][939]LogModuleManager: Shutting down and abandoning module DetailCustomizations (454)
[2018.09.05-22.31.18:907][939]LogModuleManager: Shutting down and abandoning module PackagesDialog (452)
[2018.09.05-22.31.18:908][939]LogModuleManager: Shutting down and abandoning module Persona (450)
[2018.09.05-22.31.18:908][939]LogModuleManager: Shutting down and abandoning module AdvancedPreviewScene (449)
[2018.09.05-22.31.18:908][939]LogModuleManager: Shutting down and abandoning module AnimGraph (447)
[2018.09.05-22.31.18:908][939]LogModuleManager: Shutting down and abandoning module Kismet (444)
[2018.09.05-22.31.18:929][939]LogModuleManager: Shutting down and abandoning module GraphEditor (442)
[2018.09.05-22.31.18:929][939]LogModuleManager: Shutting down and abandoning module ClassViewer (440)
[2018.09.05-22.31.18:932][939]LogModuleManager: Shutting down and abandoning module Toolbox (438)
[2018.09.05-22.31.18:932][939]LogModuleManager: Shutting down and abandoning module ModuleUI (436)
[2018.09.05-22.31.18:933][939]LogModuleManager: Shutting down and abandoning module MovieSceneTools (434)
[2018.09.05-22.31.18:933][939]LogModuleManager: Shutting down and abandoning module OutputLog (432)
[2018.09.05-22.31.18:933][939]LogModuleManager: Shutting down and abandoning module GammaUI (430)
[2018.09.05-22.31.18:933][939]LogModuleManager: Shutting down and abandoning module Documentation (428)
[2018.09.05-22.31.18:933][939]LogModuleManager: Shutting down and abandoning module MovieSceneTracks (426)
[2018.09.05-22.31.18:933][939]LogModuleManager: Shutting down and abandoning module MovieScene (424)
[2018.09.05-22.31.18:933][939]LogModuleManager: Shutting down and abandoning module StreamingPauseRendering (422)
[2018.09.05-22.31.18:933][939]LogModuleManager: Shutting down and abandoning module LauncherPlatform (420)
[2018.09.05-22.31.18:933][939]LogModuleManager: Shutting down and abandoning module AnalyticsET (418)
[2018.09.05-22.31.18:933][939]LogModuleManager: Shutting down and abandoning module PortalServices (416)
[2018.09.05-22.31.18:933][939]LogModuleManager: Shutting down and abandoning module PortalRpc (414)
[2018.09.05-22.31.18:934][939]LogModuleManager: Shutting down and abandoning module MessagingRpc (412)
[2018.09.05-22.31.18:934][939]LogModuleManager: Shutting down and abandoning module AIModule (410)
[2018.09.05-22.31.18:934][939]LogModuleManager: Shutting down and abandoning module GameplayDebugger (409)
[2018.09.05-22.31.18:934][939]LogModuleManager: Shutting down and abandoning module AITestSuite (407)
[2018.09.05-22.31.18:934][939]LogModuleManager: Shutting down and abandoning module NavigationSystem (405)
[2018.09.05-22.31.18:934][939]LogModuleManager: Shutting down and abandoning module DesktopPlatform (402)
[2018.09.05-22.31.18:934][939]LogModuleManager: Shutting down and abandoning module ProfilerService (400)
[2018.09.05-22.31.19:078][939]LogModuleManager: Shutting down and abandoning module TaskGraph (398)
[2018.09.05-22.31.19:078][939]LogModuleManager: Shutting down and abandoning module SteamVRController (396)
[2018.09.05-22.31.19:078][939]LogModuleManager: Shutting down and abandoning module ProceduralMeshComponentEditor (394)
[2018.09.05-22.31.19:078][939]LogModuleManager: Shutting down and abandoning module ProceduralMeshComponent (392)
[2018.09.05-22.31.19:078][939]LogModuleManager: Shutting down and abandoning module OculusInput (390)
[2018.09.05-22.31.19:079][939]LogModuleManager: Shutting down and abandoning module MobilePatchingUtils (388)
[2018.09.05-22.31.19:079][939]LogModuleManager: Shutting down and abandoning module EditableMesh (386)
[2018.09.05-22.31.19:079][939]LogModuleManager: Shutting down and abandoning module CustomMeshComponent (384)
[2018.09.05-22.31.19:079][939]LogModuleManager: Shutting down and abandoning module CableComponent (382)
[2018.09.05-22.31.19:079][939]LogModuleManager: Shutting down and abandoning module AudioCapture (380)
[2018.09.05-22.31.19:079][939]LogModuleManager: Shutting down and abandoning module ArchVisCharacter (378)
[2018.09.05-22.31.19:079][939]LogModuleManager: Shutting down and abandoning module AndroidPermission (376)
[2018.09.05-22.31.19:079][939]LogModuleManager: Shutting down and abandoning module NUTUnrealEngine4 (374)
[2018.09.05-22.31.19:079][939]LogModuleManager: Shutting down and abandoning module NetcodeUnitTest (372)
[2018.09.05-22.31.19:079][939]LogModuleManager: Shutting down and abandoning module MediaCompositingEditor (370)
[2018.09.05-22.31.19:079][939]LogModuleManager: Shutting down and abandoning module MediaCompositing (368)
[2018.09.05-22.31.19:079][939]LogModuleManager: Shutting down and abandoning module LinearTimecode (366)
[2018.09.05-22.31.19:079][939]LogModuleManager: Shutting down and abandoning module ImgMedia (364)
[2018.09.05-22.31.19:090][939]LogModuleManager: Shutting down and abandoning module HTML5Networking (362)
[2018.09.05-22.31.19:090][939]LogModuleManager: Shutting down and abandoning module GeometryCacheTracks (360)
[2018.09.05-22.31.19:090][939]LogModuleManager: Shutting down and abandoning module GeometryCacheSequencer (358)
[2018.09.05-22.31.19:090][939]LogModuleManager: Shutting down and abandoning module BackChannel (356)
[2018.09.05-22.31.19:090][939]LogModuleManager: Shutting down and abandoning module AppleVision (354)
[2018.09.05-22.31.19:090][939]LogModuleManager: Shutting down and abandoning module AppleImageUtils (352)
[2018.09.05-22.31.19:091][939]LogModuleManager: Shutting down and abandoning module AlembicImporter (350)
[2018.09.05-22.31.19:091][939]LogModuleManager: Shutting down and abandoning module AlembicLibrary (349)
[2018.09.05-22.31.19:091][939]LogModuleManager: Shutting down and abandoning module GeometryCache (348)
[2018.09.05-22.31.19:091][939]LogModuleManager: Shutting down and abandoning module GeometryCacheEd (347)
[2018.09.05-22.31.19:091][939]LogModuleManager: Shutting down and abandoning module DatasmithContentEditor (342)
[2018.09.05-22.31.19:091][939]LogModuleManager: Shutting down and abandoning module DatasmithContent (340)
[2018.09.05-22.31.19:093][939]LogModuleManager: Shutting down and abandoning module SpeedTreeImporter (338)
[2018.09.05-22.31.19:093][939]LogModuleManager: Shutting down and abandoning module PluginBrowser (336)
[2018.09.05-22.31.19:093][939]LogModuleManager: Shutting down and abandoning module MobileLauncherProfileWizard (334)
[2018.09.05-22.31.19:093][939]LogModuleManager: Shutting down and abandoning module PolygonModeling (332)
[2018.09.05-22.31.19:093][939]LogModuleManager: Shutting down and abandoning module MeshEditor (330)
[2018.09.05-22.31.19:093][939]LogModuleManager: Shutting down and abandoning module CryptoKeysOpenSSL (328)
[2018.09.05-22.31.19:093][939]LogModuleManager: Shutting down and abandoning module CryptoKeys (326)
[2018.09.05-22.31.19:094][939]LogModuleManager: Shutting down and abandoning module VisualStudioSourceCodeAccess (324)
[2018.09.05-22.31.19:094][939]LogModuleManager: Shutting down and abandoning module VisualStudioCodeSourceCodeAccess (322)
[2018.09.05-22.31.19:094][939]LogModuleManager: Shutting down and abandoning module UObjectPlugin (320)
[2018.09.05-22.31.19:094][939]LogModuleManager: Shutting down and abandoning module SubversionSourceControl (318)
[2018.09.05-22.31.19:094][939]LogModuleManager: Shutting down and abandoning module PerforceSourceControl (316)
[2018.09.05-22.31.19:094][939]LogModuleManager: Shutting down and abandoning module GitSourceControl (314)
[2018.09.05-22.31.19:094][939]LogModuleManager: Shutting down and abandoning module SourceControl (313)
[2018.09.05-22.31.19:094][939]LogModuleManager: Shutting down and abandoning module CLionSourceCodeAccess (310)
[2018.09.05-22.31.19:094][939]LogModuleManager: Shutting down and abandoning module LightPropagationVolumeEditor (308)
[2018.09.05-22.31.19:094][939]LogModuleManager: Shutting down and abandoning module PaperTiledImporter (306)
[2018.09.05-22.31.19:094][939]LogModuleManager: Shutting down and abandoning module PaperSpriteSheetImporter (304)
[2018.09.05-22.31.19:094][939]LogModuleManager: Shutting down and abandoning module Paper2DEditor (302)
[2018.09.05-22.31.19:095][939]LogModuleManager: Shutting down and abandoning module MeshPaint (301)
[2018.09.05-22.31.19:095][939]LogModuleManager: Shutting down and abandoning module RuntimePhysXCooking (298)
[2018.09.05-22.31.19:095][939]LogModuleManager: Shutting down and abandoning module PhysXVehiclesEditor (296)
[2018.09.05-22.31.19:095][939]LogModuleManager: Shutting down and abandoning module PhysXVehicles (294)
[2018.09.05-22.31.19:095][939]LogModuleManager: Shutting down and abandoning module OculusEditor (292)
[2018.09.05-22.31.19:095][939]LogModuleManager: Shutting down and abandoning module LocationServicesBPLibrary (290)
[2018.09.05-22.31.19:095][939]LogModuleManager: Shutting down and abandoning module ImmediatePhysicsEditor (288)
[2018.09.05-22.31.19:095][939]LogModuleManager: Shutting down and abandoning module ImmediatePhysics (286)
[2018.09.05-22.31.19:095][939]LogModuleManager: Shutting down and abandoning module ActorSequence (284)
[2018.09.05-22.31.19:095][939]LogModuleManager: Shutting down and abandoning module UdpMessaging (282)
[2018.09.05-22.31.19:196][939]LogModuleManager: Shutting down and abandoning module TcpMessaging (280)
[2018.09.05-22.31.19:298][939]LogModuleManager: Shutting down and abandoning module MagicLeapAudio (278)
[2018.09.05-22.31.19:298][939]LogModuleManager: Shutting down and abandoning module GameplayTagsEditor (276)
[2018.09.05-22.31.19:298][939]LogModuleManager: Shutting down and abandoning module FacialAnimationEditor (274)
[2018.09.05-22.31.19:298][939]LogModuleManager: Shutting down and abandoning module FacialAnimation (272)
[2018.09.05-22.31.19:298][939]LogModuleManager: Shutting down and abandoning module DataValidation (270)
[2018.09.05-22.31.19:298][939]LogModuleManager: Shutting down and abandoning module AssetManagerEditor (268)
[2018.09.05-22.31.19:298][939]LogModuleManager: Shutting down and abandoning module LevelEditor (267)
[2018.09.05-22.31.19:300][939]LogModuleManager: Shutting down and abandoning module PixelInspectorModule (266)
[2018.09.05-22.31.19:300][939]LogModuleManager: Shutting down and abandoning module CommonMenuExtensions (264)
[2018.09.05-22.31.19:301][939]LogModuleManager: Shutting down and abandoning module MainFrame (262)
[2018.09.05-22.31.19:301][939]LogModuleManager: Shutting down and abandoning module HotReload (261)
[2018.09.05-22.31.19:303][939]LogModuleManager: Shutting down and abandoning module ContentBrowser (257)
[2018.09.05-22.31.19:306][939]LogModuleManager: Shutting down and abandoning module TreeMap (255)
[2018.09.05-22.31.19:306][939]LogModuleManager: Shutting down and abandoning module LightPropagationVolumeRuntime (252)
[2018.09.05-22.31.19:306][939]LogModuleManager: Shutting down and abandoning module AISupportModule (250)
[2018.09.05-22.31.19:306][939]LogModuleManager: Shutting down and abandoning module Paper2D (248)
[2018.09.05-22.31.19:306][939]LogModuleManager: Shutting down and abandoning module WindowsMoviePlayer (246)
[2018.09.05-22.31.19:306][939]LogModuleManager: Shutting down and abandoning module WmfMedia (244)
[2018.09.05-22.31.19:311][939]LogModuleManager: Shutting down and abandoning module Media (243)
[2018.09.05-22.31.19:318][939]LogModuleManager: Shutting down and abandoning module PacketHandler (240)
[2018.09.05-22.31.19:318][939]LogModuleManager: Shutting down and abandoning module ClothingSystemEditor (238)
[2018.09.05-22.31.19:318][939]LogModuleManager: Shutting down and abandoning module ClothingSystemRuntime (236)
[2018.09.05-22.31.19:318][939]LogModuleManager: Shutting down and abandoning module MediaAssets (234)
[2018.09.05-22.31.19:318][939]LogModuleManager: Shutting down and abandoning module Overlay (232)
[2018.09.05-22.31.19:318][939]LogModuleManager: Shutting down and abandoning module OverlayEditor (231)
[2018.09.05-22.31.19:318][939]LogModuleManager: Shutting down and abandoning module VREditor (228)
[2018.09.05-22.31.19:318][939]LogModuleManager: Shutting down and abandoning module StringTableEditor (226)
[2018.09.05-22.31.19:318][939]LogModuleManager: Shutting down and abandoning module GameplayTasksEditor (224)
[2018.09.05-22.31.19:319][939]LogModuleManager: Shutting down and abandoning module BehaviorTreeEditor (222)
[2018.09.05-22.31.19:319][939]LogModuleManager: Shutting down and abandoning module FunctionalTesting (220)
[2018.09.05-22.31.19:319][939]LogModuleManager: Shutting down and abandoning module CollisionAnalyzer (218)
[2018.09.05-22.31.19:319][939]LogModuleManager: Shutting down and abandoning module WorkspaceMenuStructure (217)
[2018.09.05-22.31.19:319][939]LogModuleManager: Shutting down and abandoning module UMG (214)
[2018.09.05-22.31.19:319][939]LogModuleManager: Shutting down and abandoning module UMGEditor (213)
[2018.09.05-22.31.19:319][939]LogModuleManager: Shutting down and abandoning module Sequencer (212)
[2018.09.05-22.31.19:319][939]LogModuleManager: Shutting down and abandoning module MessageLog (209)
[2018.09.05-22.31.19:319][939]LogModuleManager: Shutting down and abandoning module SlateReflector (204)
[2018.09.05-22.31.19:320][939]LogModuleManager: Shutting down and abandoning module Slate (202)
[2018.09.05-22.31.19:320][939]LogModuleManager: Shutting down and abandoning module EditorStyle (200)
[2018.09.05-22.31.19:325][939]LogModuleManager: Shutting down and abandoning module MRMesh (198)
[2018.09.05-22.31.19:325][939]LogModuleManager: Shutting down and abandoning module SourceCodeAccess (196)
[2018.09.05-22.31.19:325][939]LogModuleManager: Shutting down and abandoning module HeadMountedDisplay (194)
[2018.09.05-22.31.19:325][939]LogModuleManager: Shutting down and abandoning module XAudio2 (192)
[2018.09.05-22.31.19:325][939]LogModuleManager: Shutting down and abandoning module Networking (190)
[2018.09.05-22.31.19:325][939]LogModuleManager: Shutting down and abandoning module Core (188)
[2018.09.05-22.31.19:325][939]LogModuleManager: Shutting down and abandoning module LevelSequence (186)
[2018.09.05-22.31.19:325][939]LogModuleManager: Shutting down and abandoning module KismetCompiler (184)
[2018.09.05-22.31.19:325][939]LogModuleManager: Shutting down and abandoning module MeshUtilities (182)
[2018.09.05-22.31.19:325][939]LogModuleManager: Shutting down and abandoning module MeshMergeUtilities (181)
[2018.09.05-22.31.19:326][939]LogModuleManager: Shutting down and abandoning module MeshReductionInterface (180)
[2018.09.05-22.31.19:326][939]LogModuleManager: Shutting down and abandoning module SimplygonSwarm (179)
[2018.09.05-22.31.19:326][939]LogModuleManager: Shutting down and abandoning module ProxyLODMeshReduction (177)
[2018.09.05-22.31.19:326][939]LogModuleManager: Shutting down and abandoning module SimplygonMeshReduction (175)
[2018.09.05-22.31.19:326][939]LogModuleManager: Shutting down and abandoning module QuadricMeshReduction (173)
[2018.09.05-22.31.19:326][939]LogModuleManager: Shutting down and abandoning module MaterialBaking (169)
[2018.09.05-22.31.19:326][939]LogModuleManager: Shutting down and abandoning module DirectoryWatcher (165)
[2018.09.05-22.31.19:326][939]LogModuleManager: Shutting down and abandoning module DerivedDataCache (162)
[2018.09.05-22.31.19:344][939]LogDerivedDataCache: Shutdown
[2018.09.05-22.31.19:344][939]LogModuleManager: Shutting down and abandoning module XGEController (160)
[2018.09.05-22.31.19:344][939]LogModuleManager: Shutting down and abandoning module TargetPlatform (158)
[2018.09.05-22.31.19:344][939]LogModuleManager: Shutting down and abandoning module VulkanShaderFormat (157)
[2018.09.05-22.31.19:344][939]LogModuleManager: Shutting down and abandoning module ShaderFormatVectorVM (155)
[2018.09.05-22.31.19:344][939]LogModuleManager: Shutting down and abandoning module ShaderFormatOpenGL (153)
[2018.09.05-22.31.19:344][939]LogModuleManager: Shutting down and abandoning module ShaderFormatD3D (151)
[2018.09.05-22.31.19:345][939]LogModuleManager: Shutting down and abandoning module MetalShaderFormat (149)
[2018.09.05-22.31.19:345][939]LogModuleManager: Shutting down and abandoning module TextureFormatUncompressed (147)
[2018.09.05-22.31.19:345][939]LogModuleManager: Shutting down and abandoning module TextureFormatPVR (145)
[2018.09.05-22.31.19:345][939]LogModuleManager: Shutting down and abandoning module TextureFormatDXT (143)
[2018.09.05-22.31.19:345][939]LogModuleManager: Shutting down and abandoning module TextureFormatIntelISPCTexComp (141)
[2018.09.05-22.31.19:345][939]LogModuleManager: Shutting down and abandoning module TextureFormatASTC (139)
[2018.09.05-22.31.19:345][939]LogModuleManager: Shutting down and abandoning module ImageWrapper (138)
[2018.09.05-22.31.19:345][939]LogModuleManager: Shutting down and abandoning module TextureFormatAndroid (135)
[2018.09.05-22.31.19:345][939]LogModuleManager: Shutting down and abandoning module AudioFormatOpus (133)
[2018.09.05-22.31.19:345][939]LogModuleManager: Shutting down and abandoning module AudioFormatOgg (131)
[2018.09.05-22.31.19:345][939]LogModuleManager: Shutting down and abandoning module AudioFormatADPCM (129)
[2018.09.05-22.31.19:345][939]LogModuleManager: Shutting down and abandoning module LuminTargetPlatform (127)
[2018.09.05-22.31.19:346][939]LogModuleManager: Shutting down and abandoning module LinuxTargetPlatform (125)
[2018.09.05-22.31.19:346][939]LogModuleManager: Shutting down and abandoning module LinuxServerTargetPlatform (123)
[2018.09.05-22.31.19:346][939]LogModuleManager: Shutting down and abandoning module LinuxNoEditorTargetPlatform (121)
[2018.09.05-22.31.19:346][939]LogModuleManager: Shutting down and abandoning module LinuxClientTargetPlatform (119)
[2018.09.05-22.31.19:346][939]LogModuleManager: Shutting down and abandoning module TVOSTargetPlatform (117)
[2018.09.05-22.31.19:348][939]LogModuleManager: Shutting down and abandoning module Messaging (115)
[2018.09.05-22.31.19:348][939]LogModuleManager: Shutting down and abandoning module IOSTargetPlatform (113)
[2018.09.05-22.31.19:350][939]LogModuleManager: Shutting down and abandoning module HTML5TargetPlatform (111)
[2018.09.05-22.31.19:350][939]LogModuleManager: Shutting down and abandoning module AndroidTargetPlatform (109)
[2018.09.05-22.31.19:366][939]LogModuleManager: Shutting down and abandoning module WindowsTargetPlatform (107)
[2018.09.05-22.31.19:366][939]LogModuleManager: Shutting down and abandoning module WindowsServerTargetPlatform (105)
[2018.09.05-22.31.19:367][939]LogModuleManager: Shutting down and abandoning module WindowsNoEditorTargetPlatform (103)
[2018.09.05-22.31.19:367][939]LogModuleManager: Shutting down and abandoning module WindowsClientTargetPlatform (101)
[2018.09.05-22.31.19:367][939]LogModuleManager: Shutting down and abandoning module MacTargetPlatform (99)
[2018.09.05-22.31.19:367][939]LogModuleManager: Shutting down and abandoning module MacServerTargetPlatform (97)
[2018.09.05-22.31.19:367][939]LogModuleManager: Shutting down and abandoning module MacNoEditorTargetPlatform (95)
[2018.09.05-22.31.19:367][939]LogModuleManager: Shutting down and abandoning module MacClientTargetPlatform (93)
[2018.09.05-22.31.19:367][939]LogModuleManager: Shutting down and abandoning module AllDesktopTargetPlatform (91)
[2018.09.05-22.31.19:367][939]LogModuleManager: Shutting down and abandoning module InputCore (88)
[2018.09.05-22.31.19:367][939]LogModuleManager: Shutting down and abandoning module Settings (86)
[2018.09.05-22.31.19:368][939]LogModuleManager: Shutting down and abandoning module PhysXCooking (84)
[2018.09.05-22.31.19:368][939]LogModuleManager: Shutting down and abandoning module SteamVR (82)
[2018.09.05-22.31.19:368][939]LogModuleManager: Shutting down and abandoning module OculusHMD (80)
[2018.09.05-22.31.19:368][939]LogModuleManager: Shutting down and abandoning module ExampleDeviceProfileSelector (78)
[2018.09.05-22.31.19:368][939]LogModuleManager: Shutting down and abandoning module LauncherChunkInstaller (76)
[2018.09.05-22.31.19:368][939]LogModuleManager: Shutting down and abandoning module OnlineBlueprintSupport (74)
[2018.09.05-22.31.19:368][939]LogModuleManager: Shutting down and abandoning module OnlineSubsystem (70)
[2018.09.05-22.31.19:370][939]LogModuleManager: Shutting down and abandoning module XMPP (65)
[2018.09.05-22.31.19:370][939]LogModuleManager: Shutting down and abandoning module WebSockets (64)
[2018.09.05-22.31.19:398][939]LogModuleManager: Shutting down and abandoning module HTTP (61)
[2018.09.05-22.31.19:398][939]LogHttp: Display: Http module shutting down, but needs to wait on 1 outstanding Http requests:
[2018.09.05-22.31.19:398][939]LogHttp: Display: 	verb=[POST] url=[https://datarouter.ol.epicgames.com/datarouter/api/v1/public/data?SessionID=%7BA3B269BC-448B-8BD2-2AD7-63A5AA09129E%7D&AppID=UEEditor.Rocket.Release&AppVersion=4.20.2-4302132%2B%2B%2BUE4%2BRelease-4.20&UserID=0da00c10413120a70d0d6699f5da84a6%7Cee84336c7a454c349eb494a0965a4e3d%7C3b3a7390-d575-4c01-a6df-bfaba35886a9&AppEnvironment=datacollector-binary&UploadType=eteventstream] status=Processing
[2018.09.05-22.31.19:415][939]LogModuleManager: Shutting down and abandoning module SSL (60)
[2018.09.05-22.31.19:418][939]LogModuleManager: Shutting down and abandoning module MagicLeapEmulator (56)
[2018.09.05-22.31.19:419][939]LogModuleManager: Shutting down and abandoning module MagicLeapPrivileges (54)
[2018.09.05-22.31.19:419][939]LogModuleManager: Shutting down and abandoning module MagicLeapIdentity (52)
[2018.09.05-22.31.19:419][939]LogModuleManager: Shutting down and abandoning module MagicLeapHelperVulkan (50)
[2018.09.05-22.31.19:419][939]LogModuleManager: Shutting down and abandoning module MagicLeapHelperOpenGL (48)
[2018.09.05-22.31.19:419][939]LogModuleManager: Shutting down and abandoning module MagicLeapSecureStorage (46)
[2018.09.05-22.31.19:419][939]LogModuleManager: Shutting down and abandoning module MagicLeapGestures (44)
[2018.09.05-22.31.19:419][939]LogModuleManager: Shutting down and abandoning module MagicLeapEyeTracker (42)
[2018.09.05-22.31.19:419][939]LogModuleManager: Shutting down and abandoning module MagicLeapController (40)
[2018.09.05-22.31.19:419][939]LogSlate: Slate User Destroyed.  User Index 0, Is Virtual User: 0
[2018.09.05-22.31.19:419][939]LogModuleManager: Shutting down and abandoning module MagicLeap (38)
[2018.09.05-22.31.19:420][939]LogModuleManager: Shutting down and abandoning module AnimationModifiers (36)
[2018.09.05-22.31.19:420][939]LogModuleManager: Shutting down and abandoning module PropertyEditor (35)
[2018.09.05-22.31.19:420][939]LogModuleManager: Shutting down and abandoning module AudioEditor (32)
[2018.09.05-22.31.19:420][939]LogModuleManager: Shutting down and abandoning module TextureCompressor (30)
[2018.09.05-22.31.19:420][939]LogModuleManager: Shutting down and abandoning module ShaderCore (28)
[2018.09.05-22.31.19:420][939]LogModuleManager: Shutting down and abandoning module Landscape (26)
[2018.09.05-22.31.19:420][939]LogModuleManager: Shutting down and abandoning module SlateRHIRenderer (24)
[2018.09.05-22.31.19:422][939]LogModuleManager: Shutting down and abandoning module OpenGLDrv (22)
[2018.09.05-22.31.19:422][939]LogModuleManager: Shutting down and abandoning module D3D11RHI (20)
[2018.09.05-22.31.19:422][939]LogModuleManager: Shutting down and abandoning module AnimGraphRuntime (18)
[2018.09.05-22.31.19:422][939]LogModuleManager: Shutting down and abandoning module Renderer (16)
[2018.09.05-22.31.19:422][939]LogModuleManager: Shutting down and abandoning module Engine (14)
[2018.09.05-22.31.19:422][939]LogModuleManager: Shutting down and abandoning module CoreUObject (12)
[2018.09.05-22.31.19:422][939]LogModuleManager: Shutting down and abandoning module NetworkFile (10)
[2018.09.05-22.31.19:422][939]LogModuleManager: Shutting down and abandoning module CookedIterativeFile (8)
[2018.09.05-22.31.19:422][939]LogModuleManager: Shutting down and abandoning module StreamingFile (6)
[2018.09.05-22.31.19:422][939]LogModuleManager: Shutting down and abandoning module SandboxFile (4)
[2018.09.05-22.31.19:422][939]LogModuleManager: Shutting down and abandoning module PakFile (2)
[2018.09.05-22.31.19:442][939]LogExit: Exiting.
[2018.09.05-22.31.19:479][939]Log file closed, 09/06/18 00:31:19
